2021-09-22 03:07:35,090 INFO  Logger.cs: 70 - 
--------------------------------------------------------------------------------
2021-09-22 03:07:35,137 INFO  Logger.cs: 71 - Logging commencing for SW2URDF exporter
2021-09-22 03:07:35,139 INFO  Logger.cs: 73 - Commit version 1.6.0-1-g15f4949
2021-09-22 03:07:35,139 INFO  Logger.cs: 74 - Build version 1.6.7594.29634
2021-09-22 03:07:35,141 INFO  SwAddin.cs: 192 - Attempting to connect to SW
2021-09-22 03:07:35,142 INFO  SwAddin.cs: 197 - Setting up callbacks
2021-09-22 03:07:35,142 INFO  SwAddin.cs: 201 - Setting up command manager
2021-09-22 03:07:35,143 INFO  SwAddin.cs: 204 - Adding command manager
2021-09-22 03:07:35,145 INFO  SwAddin.cs: 263 - Adding Assembly export to file menu
2021-09-22 03:07:35,146 INFO  SwAddin.cs: 272 - Adding Part export to file menu
2021-09-22 03:07:35,147 INFO  SwAddin.cs: 210 - Adding event handlers
2021-09-22 03:07:35,149 INFO  SwAddin.cs: 217 - Connecting plugin to SolidWorks
2021-09-22 03:08:24,815 INFO  SwAddin.cs: 294 - Assembly export called for file VentionAssembly_12773_v36.SLDASM
2021-09-22 03:08:24,816 INFO  SwAddin.cs: 299 - Save is required
2021-09-22 03:08:24,816 INFO  SwAddin.cs: 313 - Saving assembly
2021-09-22 03:08:29,002 INFO  SwAddin.cs: 316 - Opening property manager
2021-09-22 03:08:29,020 INFO  ExportHelperExtension.cs: 1125 - Retrieving features of type [CoordSys] from VentionAssembly_12773_v36.SLDASM
2021-09-22 03:08:29,025 INFO  ExportHelperExtension.cs: 1136 - Found 27 in VentionAssembly_12773_v36.SLDASM
2021-09-22 03:08:29,026 INFO  ExportHelperExtension.cs: 1145 - Found 2 features of type [CoordSys] in VentionAssembly_12773_v36.SLDASM
2021-09-22 03:08:29,026 INFO  ExportHelperExtension.cs: 1148 - Proceeding through assembly components
2021-09-22 03:08:29,028 INFO  ExportHelperExtension.cs: 1160 - 1 components to check
2021-09-22 03:08:29,029 INFO  ExportHelperExtension.cs: 1125 - Retrieving features of type [CoordSys] from VentionAssembly_12773_v36.STEP-1
2021-09-22 03:08:29,030 INFO  ExportHelperExtension.cs: 1136 - Found 83 in VentionAssembly_12773_v36.STEP-1
2021-09-22 03:08:29,031 INFO  ExportHelperExtension.cs: 1145 - Found 0 features of type [CoordSys] in VentionAssembly_12773_v36.STEP-1
2021-09-22 03:08:29,031 INFO  ExportHelperExtension.cs: 1125 - Retrieving features of type [RefAxis] from VentionAssembly_12773_v36.SLDASM
2021-09-22 03:08:29,031 INFO  ExportHelperExtension.cs: 1136 - Found 27 in VentionAssembly_12773_v36.SLDASM
2021-09-22 03:08:29,032 INFO  ExportHelperExtension.cs: 1145 - Found 0 features of type [RefAxis] in VentionAssembly_12773_v36.SLDASM
2021-09-22 03:08:29,032 INFO  ExportHelperExtension.cs: 1148 - Proceeding through assembly components
2021-09-22 03:08:29,032 INFO  ExportHelperExtension.cs: 1160 - 1 components to check
2021-09-22 03:08:29,038 INFO  ExportHelperExtension.cs: 1125 - Retrieving features of type [RefAxis] from VentionAssembly_12773_v36.STEP-1
2021-09-22 03:08:29,053 INFO  ExportHelperExtension.cs: 1136 - Found 83 in VentionAssembly_12773_v36.STEP-1
2021-09-22 03:08:29,054 INFO  ExportHelperExtension.cs: 1145 - Found 0 features of type [RefAxis] in VentionAssembly_12773_v36.STEP-1
2021-09-22 03:08:29,684 INFO  SwAddin.cs: 339 - Loading config tree
2021-09-22 03:08:29,687 INFO  ExportPropertyManagerExtension.cs: 520 - Starting new configuration
2021-09-22 03:08:29,691 INFO  SwAddin.cs: 344 - Showing property manager
2021-09-22 03:08:32,510 INFO  ExportPropertyManager.cs: 1136 - OnNumberBoxTrackingCompleted called. This method no longer throws an Exception. It just silently does nothing. Ok, except for this logging message
2021-09-22 03:08:57,632 INFO  ExportPropertyManager.cs: 1018 - OnComboboxSelectionChanged called. This method no longer throws an Exception. It just silently does nothing. Ok, except for this logging message
2021-09-22 03:09:08,593 INFO  ExportPropertyManager.cs: 1018 - OnComboboxSelectionChanged called. This method no longer throws an Exception. It just silently does nothing. Ok, except for this logging message
2021-09-22 03:09:50,967 INFO  ExportPropertyManager.cs: 1018 - OnComboboxSelectionChanged called. This method no longer throws an Exception. It just silently does nothing. Ok, except for this logging message
2021-09-22 03:09:52,925 INFO  ExportPropertyManager.cs: 1018 - OnComboboxSelectionChanged called. This method no longer throws an Exception. It just silently does nothing. Ok, except for this logging message
2021-09-22 03:10:22,122 INFO  ExportPropertyManager.cs: 422 - Configuration saved
2021-09-22 03:10:25,145 INFO  ExportHelperExtension.cs: 347 - Creating joint ur5e_mounting_link
2021-09-22 03:10:25,151 INFO  ExportHelperExtension.cs: 1397 - Fixing components for vention_frame_link
2021-09-22 03:10:25,152 INFO  ExportHelperExtension.cs: 1402 - Fixing 83
2021-09-22 03:10:25,153 INFO  ExportHelperExtension.cs: 1409 - Component 83 is already fixed
2021-09-22 03:10:25,153 INFO  ExportHelperExtension.cs: 1402 - Fixing 84
2021-09-22 03:10:25,153 INFO  ExportHelperExtension.cs: 1409 - Component 84 is already fixed
2021-09-22 03:10:25,154 INFO  ExportHelperExtension.cs: 1402 - Fixing 82
2021-09-22 03:10:25,154 INFO  ExportHelperExtension.cs: 1409 - Component 82 is already fixed
2021-09-22 03:10:25,155 INFO  ExportHelperExtension.cs: 1402 - Fixing 81
2021-09-22 03:10:25,155 INFO  ExportHelperExtension.cs: 1409 - Component 81 is already fixed
2021-09-22 03:10:25,155 INFO  ExportHelperExtension.cs: 1402 - Fixing 76
2021-09-22 03:10:25,156 INFO  ExportHelperExtension.cs: 1409 - Component 76 is already fixed
2021-09-22 03:10:25,156 INFO  ExportHelperExtension.cs: 1402 - Fixing 74
2021-09-22 03:10:25,156 INFO  ExportHelperExtension.cs: 1409 - Component 74 is already fixed
2021-09-22 03:10:25,157 INFO  ExportHelperExtension.cs: 1402 - Fixing 72
2021-09-22 03:10:25,157 INFO  ExportHelperExtension.cs: 1409 - Component 72 is already fixed
2021-09-22 03:10:25,157 INFO  ExportHelperExtension.cs: 1402 - Fixing 71
2021-09-22 03:10:25,158 INFO  ExportHelperExtension.cs: 1409 - Component 71 is already fixed
2021-09-22 03:10:25,158 INFO  ExportHelperExtension.cs: 1402 - Fixing 70
2021-09-22 03:10:25,158 INFO  ExportHelperExtension.cs: 1409 - Component 70 is already fixed
2021-09-22 03:10:25,159 INFO  ExportHelperExtension.cs: 1402 - Fixing 69
2021-09-22 03:10:25,159 INFO  ExportHelperExtension.cs: 1409 - Component 69 is already fixed
2021-09-22 03:10:25,160 INFO  ExportHelperExtension.cs: 1402 - Fixing 68
2021-09-22 03:10:25,160 INFO  ExportHelperExtension.cs: 1409 - Component 68 is already fixed
2021-09-22 03:10:25,160 INFO  ExportHelperExtension.cs: 1402 - Fixing 66
2021-09-22 03:10:25,161 INFO  ExportHelperExtension.cs: 1409 - Component 66 is already fixed
2021-09-22 03:10:25,161 INFO  ExportHelperExtension.cs: 1402 - Fixing 58
2021-09-22 03:10:25,161 INFO  ExportHelperExtension.cs: 1409 - Component 58 is already fixed
2021-09-22 03:10:25,162 INFO  ExportHelperExtension.cs: 1402 - Fixing 55
2021-09-22 03:10:25,162 INFO  ExportHelperExtension.cs: 1409 - Component 55 is already fixed
2021-09-22 03:10:25,162 INFO  ExportHelperExtension.cs: 1402 - Fixing 63
2021-09-22 03:10:25,163 INFO  ExportHelperExtension.cs: 1409 - Component 63 is already fixed
2021-09-22 03:10:25,163 INFO  ExportHelperExtension.cs: 1402 - Fixing 62
2021-09-22 03:10:25,163 INFO  ExportHelperExtension.cs: 1409 - Component 62 is already fixed
2021-09-22 03:10:25,164 INFO  ExportHelperExtension.cs: 1402 - Fixing 57
2021-09-22 03:10:25,164 INFO  ExportHelperExtension.cs: 1409 - Component 57 is already fixed
2021-09-22 03:10:25,164 INFO  ExportHelperExtension.cs: 1402 - Fixing 60
2021-09-22 03:10:25,165 INFO  ExportHelperExtension.cs: 1409 - Component 60 is already fixed
2021-09-22 03:10:25,165 INFO  ExportHelperExtension.cs: 1402 - Fixing 56
2021-09-22 03:10:25,165 INFO  ExportHelperExtension.cs: 1409 - Component 56 is already fixed
2021-09-22 03:10:25,166 INFO  ExportHelperExtension.cs: 1402 - Fixing 59
2021-09-22 03:10:25,166 INFO  ExportHelperExtension.cs: 1409 - Component 59 is already fixed
2021-09-22 03:10:25,166 INFO  ExportHelperExtension.cs: 1402 - Fixing 67
2021-09-22 03:10:25,167 INFO  ExportHelperExtension.cs: 1409 - Component 67 is already fixed
2021-09-22 03:10:25,167 INFO  ExportHelperExtension.cs: 1402 - Fixing 61
2021-09-22 03:10:25,167 INFO  ExportHelperExtension.cs: 1409 - Component 61 is already fixed
2021-09-22 03:10:25,168 INFO  ExportHelperExtension.cs: 1402 - Fixing 77
2021-09-22 03:10:25,168 INFO  ExportHelperExtension.cs: 1409 - Component 77 is already fixed
2021-09-22 03:10:25,168 INFO  ExportHelperExtension.cs: 1402 - Fixing 85
2021-09-22 03:10:25,169 INFO  ExportHelperExtension.cs: 1409 - Component 85 is already fixed
2021-09-22 03:10:25,169 INFO  ExportHelperExtension.cs: 1402 - Fixing 78
2021-09-22 03:10:25,169 INFO  ExportHelperExtension.cs: 1409 - Component 78 is already fixed
2021-09-22 03:10:25,170 INFO  ExportHelperExtension.cs: 1402 - Fixing 65
2021-09-22 03:10:25,170 INFO  ExportHelperExtension.cs: 1409 - Component 65 is already fixed
2021-09-22 03:10:25,170 INFO  ExportHelperExtension.cs: 1402 - Fixing 79
2021-09-22 03:10:25,175 INFO  ExportHelperExtension.cs: 1409 - Component 79 is already fixed
2021-09-22 03:10:25,175 INFO  ExportHelperExtension.cs: 1402 - Fixing 80
2021-09-22 03:10:25,176 INFO  ExportHelperExtension.cs: 1409 - Component 80 is already fixed
2021-09-22 03:10:25,176 INFO  ExportHelperExtension.cs: 1402 - Fixing 75
2021-09-22 03:10:25,176 INFO  ExportHelperExtension.cs: 1409 - Component 75 is already fixed
2021-09-22 03:10:25,177 INFO  ExportHelperExtension.cs: 1402 - Fixing 73
2021-09-22 03:10:25,177 INFO  ExportHelperExtension.cs: 1409 - Component 73 is already fixed
2021-09-22 03:10:25,177 INFO  ExportHelperExtension.cs: 1402 - Fixing 64
2021-09-22 03:10:25,178 INFO  ExportHelperExtension.cs: 1409 - Component 64 is already fixed
2021-09-22 03:10:25,178 INFO  ExportHelperExtension.cs: 1402 - Fixing 53
2021-09-22 03:10:25,178 INFO  ExportHelperExtension.cs: 1409 - Component 53 is already fixed
2021-09-22 03:10:25,179 INFO  ExportHelperExtension.cs: 1402 - Fixing 52
2021-09-22 03:10:25,179 INFO  ExportHelperExtension.cs: 1409 - Component 52 is already fixed
2021-09-22 03:10:25,179 INFO  ExportHelperExtension.cs: 1402 - Fixing 49
2021-09-22 03:10:25,180 INFO  ExportHelperExtension.cs: 1409 - Component 49 is already fixed
2021-09-22 03:10:25,180 INFO  ExportHelperExtension.cs: 1402 - Fixing 45
2021-09-22 03:10:25,180 INFO  ExportHelperExtension.cs: 1409 - Component 45 is already fixed
2021-09-22 03:10:25,181 INFO  ExportHelperExtension.cs: 1402 - Fixing 44
2021-09-22 03:10:25,181 INFO  ExportHelperExtension.cs: 1409 - Component 44 is already fixed
2021-09-22 03:10:25,181 INFO  ExportHelperExtension.cs: 1402 - Fixing 48
2021-09-22 03:10:25,181 INFO  ExportHelperExtension.cs: 1409 - Component 48 is already fixed
2021-09-22 03:10:25,182 INFO  ExportHelperExtension.cs: 1402 - Fixing 47
2021-09-22 03:10:25,182 INFO  ExportHelperExtension.cs: 1409 - Component 47 is already fixed
2021-09-22 03:10:25,182 INFO  ExportHelperExtension.cs: 1402 - Fixing 46
2021-09-22 03:10:25,183 INFO  ExportHelperExtension.cs: 1409 - Component 46 is already fixed
2021-09-22 03:10:25,183 INFO  ExportHelperExtension.cs: 1402 - Fixing 40
2021-09-22 03:10:25,183 INFO  ExportHelperExtension.cs: 1409 - Component 40 is already fixed
2021-09-22 03:10:25,184 INFO  ExportHelperExtension.cs: 1402 - Fixing 32
2021-09-22 03:10:25,184 INFO  ExportHelperExtension.cs: 1409 - Component 32 is already fixed
2021-09-22 03:10:25,184 INFO  ExportHelperExtension.cs: 1402 - Fixing 29
2021-09-22 03:10:25,185 INFO  ExportHelperExtension.cs: 1409 - Component 29 is already fixed
2021-09-22 03:10:25,185 INFO  ExportHelperExtension.cs: 1402 - Fixing 27
2021-09-22 03:10:25,185 INFO  ExportHelperExtension.cs: 1409 - Component 27 is already fixed
2021-09-22 03:10:25,186 INFO  ExportHelperExtension.cs: 1402 - Fixing 28
2021-09-22 03:10:25,186 INFO  ExportHelperExtension.cs: 1409 - Component 28 is already fixed
2021-09-22 03:10:25,186 INFO  ExportHelperExtension.cs: 1402 - Fixing 36
2021-09-22 03:10:25,187 INFO  ExportHelperExtension.cs: 1409 - Component 36 is already fixed
2021-09-22 03:10:25,187 INFO  ExportHelperExtension.cs: 1402 - Fixing 31
2021-09-22 03:10:25,187 INFO  ExportHelperExtension.cs: 1409 - Component 31 is already fixed
2021-09-22 03:10:25,188 INFO  ExportHelperExtension.cs: 1402 - Fixing 30
2021-09-22 03:10:25,188 INFO  ExportHelperExtension.cs: 1409 - Component 30 is already fixed
2021-09-22 03:10:25,188 INFO  ExportHelperExtension.cs: 1402 - Fixing 35
2021-09-22 03:10:25,188 INFO  ExportHelperExtension.cs: 1409 - Component 35 is already fixed
2021-09-22 03:10:25,189 INFO  ExportHelperExtension.cs: 1402 - Fixing 34
2021-09-22 03:10:25,189 INFO  ExportHelperExtension.cs: 1409 - Component 34 is already fixed
2021-09-22 03:10:25,189 INFO  ExportHelperExtension.cs: 1402 - Fixing 24
2021-09-22 03:10:25,190 INFO  ExportHelperExtension.cs: 1409 - Component 24 is already fixed
2021-09-22 03:10:25,190 INFO  ExportHelperExtension.cs: 1402 - Fixing 25
2021-09-22 03:10:25,190 INFO  ExportHelperExtension.cs: 1409 - Component 25 is already fixed
2021-09-22 03:10:25,191 INFO  ExportHelperExtension.cs: 1402 - Fixing 25
2021-09-22 03:10:25,191 INFO  ExportHelperExtension.cs: 1409 - Component 25 is already fixed
2021-09-22 03:10:25,191 INFO  ExportHelperExtension.cs: 1402 - Fixing 54
2021-09-22 03:10:25,192 INFO  ExportHelperExtension.cs: 1409 - Component 54 is already fixed
2021-09-22 03:10:25,192 INFO  ExportHelperExtension.cs: 1402 - Fixing 51
2021-09-22 03:10:25,192 INFO  ExportHelperExtension.cs: 1409 - Component 51 is already fixed
2021-09-22 03:10:25,193 INFO  ExportHelperExtension.cs: 1402 - Fixing 50
2021-09-22 03:10:25,193 INFO  ExportHelperExtension.cs: 1409 - Component 50 is already fixed
2021-09-22 03:10:25,193 INFO  ExportHelperExtension.cs: 1402 - Fixing 41
2021-09-22 03:10:25,194 INFO  ExportHelperExtension.cs: 1409 - Component 41 is already fixed
2021-09-22 03:10:25,194 INFO  ExportHelperExtension.cs: 1402 - Fixing 37
2021-09-22 03:10:25,194 INFO  ExportHelperExtension.cs: 1409 - Component 37 is already fixed
2021-09-22 03:10:25,195 INFO  ExportHelperExtension.cs: 1402 - Fixing 33
2021-09-22 03:10:25,195 INFO  ExportHelperExtension.cs: 1409 - Component 33 is already fixed
2021-09-22 03:10:25,195 INFO  ExportHelperExtension.cs: 1402 - Fixing 42
2021-09-22 03:10:25,196 INFO  ExportHelperExtension.cs: 1409 - Component 42 is already fixed
2021-09-22 03:10:25,196 INFO  ExportHelperExtension.cs: 1402 - Fixing 24
2021-09-22 03:10:25,196 INFO  ExportHelperExtension.cs: 1409 - Component 24 is already fixed
2021-09-22 03:10:25,196 INFO  ExportHelperExtension.cs: 1402 - Fixing 43
2021-09-22 03:10:25,197 INFO  ExportHelperExtension.cs: 1409 - Component 43 is already fixed
2021-09-22 03:10:27,133 INFO  ExportHelperExtension.cs: 832 - R1: 0, 0
2021-09-22 03:10:27,133 INFO  ExportHelperExtension.cs: 841 - R2: 0, 0
2021-09-22 03:10:27,134 INFO  ExportHelperExtension.cs: 849 - L1: 0
2021-09-22 03:10:27,134 INFO  ExportHelperExtension.cs: 857 - L2: 0
2021-09-22 03:10:27,290 WARN  ExportHelperExtension.cs: 351 - Creating joint from parent vention_frame_link to child ur5e_mounting_link failed
2021-09-22 03:10:27,488 INFO  ExportHelperExtension.cs: 1125 - Retrieving features of type [CoordSys] from VentionAssembly_12773_v36.SLDASM
2021-09-22 03:10:27,492 INFO  ExportHelperExtension.cs: 1136 - Found 28 in VentionAssembly_12773_v36.SLDASM
2021-09-22 03:10:27,493 INFO  ExportHelperExtension.cs: 1145 - Found 2 features of type [CoordSys] in VentionAssembly_12773_v36.SLDASM
2021-09-22 03:10:27,497 INFO  ExportHelperExtension.cs: 1148 - Proceeding through assembly components
2021-09-22 03:10:27,597 INFO  ExportHelperExtension.cs: 1160 - 1 components to check
2021-09-22 03:10:27,597 INFO  ExportHelperExtension.cs: 1125 - Retrieving features of type [CoordSys] from VentionAssembly_12773_v36.STEP-1
2021-09-22 03:10:27,598 INFO  ExportHelperExtension.cs: 1136 - Found 83 in VentionAssembly_12773_v36.STEP-1
2021-09-22 03:10:27,599 INFO  ExportHelperExtension.cs: 1145 - Found 0 features of type [CoordSys] in VentionAssembly_12773_v36.STEP-1
2021-09-22 03:10:27,599 INFO  ExportHelperExtension.cs: 1125 - Retrieving features of type [RefAxis] from VentionAssembly_12773_v36.SLDASM
2021-09-22 03:10:27,601 INFO  ExportHelperExtension.cs: 1136 - Found 28 in VentionAssembly_12773_v36.SLDASM
2021-09-22 03:10:27,601 INFO  ExportHelperExtension.cs: 1145 - Found 0 features of type [RefAxis] in VentionAssembly_12773_v36.SLDASM
2021-09-22 03:10:27,601 INFO  ExportHelperExtension.cs: 1148 - Proceeding through assembly components
2021-09-22 03:10:27,602 INFO  ExportHelperExtension.cs: 1160 - 1 components to check
2021-09-22 03:10:27,602 INFO  ExportHelperExtension.cs: 1125 - Retrieving features of type [RefAxis] from VentionAssembly_12773_v36.STEP-1
2021-09-22 03:10:27,602 INFO  ExportHelperExtension.cs: 1136 - Found 83 in VentionAssembly_12773_v36.STEP-1
2021-09-22 03:10:27,603 INFO  ExportHelperExtension.cs: 1145 - Found 0 features of type [RefAxis] in VentionAssembly_12773_v36.STEP-1
2021-09-22 03:10:27,671 INFO  ExportPropertyManager.cs: 1142 - AfterClose called. This method no longer throws an Exception. It just silently does nothing. Ok, except for this logging message
2021-09-22 03:11:02,673 INFO  AssemblyExportForm.cs: 253 - Completing URDF export
2021-09-22 03:11:02,681 INFO  ConfigurationSerialization.cs: 276 - URDF Configuration found
<Link z:Id="i1" xmlns="http://schemas.datacontract.org/2004/07/SW2URDF" xmlns:i="http://www.w3.org/2001/XMLSchema-instance" xmlns:z="http://schemas.microsoft.com/2003/10/Serialization/"><Attributes><Attribute z:Id="i2"><AttributeType>name</AttributeType><IsRequired>true</IsRequired><Value i:type="a:string" xmlns:a="http://www.w3.org/2001/XMLSchema">vention_frame_link</Value></Attribute></Attributes><ChildElements><URDFElement z:Id="i3" i:type="Inertial"><Attributes/><ChildElements><URDFElement z:Id="i4" i:type="Origin"><Attributes><Attribute z:Id="i5"><AttributeType>xyz</AttributeType><IsRequired>true</IsRequired><Value i:type="a:ArrayOfdouble" xmlns:a="http://schemas.microsoft.com/2003/10/Serialization/Arrays"><a:double>0</a:double><a:double>0</a:double><a:double>0</a:double></Value></Attribute><Attribute z:Id="i6"><AttributeType>rpy</AttributeType><IsRequired>true</IsRequired><Value i:type="a:ArrayOfdouble" xmlns:a="http://schemas.microsoft.com/2003/10/Serialization/Arrays"><a:double>0</a:double><a:double>0</a:double><a:double>0</a:double></Value></Attribute></Attributes><ChildElements/><ElementName>origin</ElementName><required>false</required><RPYAttribute z:Ref="i6"/><XYZAttribute z:Ref="i5"/><isCustomized>false</isCustomized></URDFElement><URDFElement z:Id="i7" i:type="Mass"><Attributes><Attribute z:Id="i8"><AttributeType>value</AttributeType><IsRequired>true</IsRequired><Value i:type="a:double" xmlns:a="http://www.w3.org/2001/XMLSchema">0</Value></Attribute></Attributes><ChildElements/><ElementName>mass</ElementName><required>false</required><ValueAttribute z:Ref="i8"/></URDFElement><URDFElement z:Id="i9" i:type="Inertia"><Attributes><Attribute z:Id="i10"><AttributeType>ixx</AttributeType><IsRequired>true</IsRequired><Value i:type="a:double" xmlns:a="http://www.w3.org/2001/XMLSchema">0</Value></Attribute><Attribute z:Id="i11"><AttributeType>ixy</AttributeType><IsRequired>true</IsRequired><Value i:type="a:double" xmlns:a="http://www.w3.org/2001/XMLSchema">0</Value></Attribute><Attribute z:Id="i12"><AttributeType>ixz</AttributeType><IsRequired>true</IsRequired><Value i:type="a:double" xmlns:a="http://www.w3.org/2001/XMLSchema">0</Value></Attribute><Attribute z:Id="i13"><AttributeType>iyy</AttributeType><IsRequired>true</IsRequired><Value i:type="a:double" xmlns:a="http://www.w3.org/2001/XMLSchema">0</Value></Attribute><Attribute z:Id="i14"><AttributeType>iyz</AttributeType><IsRequired>true</IsRequired><Value i:type="a:double" xmlns:a="http://www.w3.org/2001/XMLSchema">0</Value></Attribute><Attribute z:Id="i15"><AttributeType>izz</AttributeType><IsRequired>true</IsRequired><Value i:type="a:double" xmlns:a="http://www.w3.org/2001/XMLSchema">0</Value></Attribute></Attributes><ChildElements/><ElementName>inertia</ElementName><required>false</required><IxxAttribute z:Ref="i10"/><IxyAttribute z:Ref="i11"/><IxzAttribute z:Ref="i12"/><IyyAttribute z:Ref="i13"/><IyzAttribute z:Ref="i14"/><IzzAttribute z:Ref="i15"/></URDFElement></ChildElements><ElementName>inertial</ElementName><required>false</required><Inertia z:Ref="i9"/><Mass z:Ref="i7"/><Origin z:Ref="i4"/></URDFElement><URDFElement z:Id="i16" i:type="Visual"><Attributes/><ChildElements><URDFElement z:Id="i17" i:type="Origin"><Attributes><Attribute z:Id="i18"><AttributeType>xyz</AttributeType><IsRequired>true</IsRequired><Value i:type="a:ArrayOfdouble" xmlns:a="http://schemas.microsoft.com/2003/10/Serialization/Arrays"><a:double>0</a:double><a:double>0</a:double><a:double>0</a:double></Value></Attribute><Attribute z:Id="i19"><AttributeType>rpy</AttributeType><IsRequired>true</IsRequired><Value i:type="a:ArrayOfdouble" xmlns:a="http://schemas.microsoft.com/2003/10/Serialization/Arrays"><a:double>0</a:double><a:double>0</a:double><a:double>0</a:double></Value></Attribute></Attributes><ChildElements/><ElementName>origin</ElementName><required>false</required><RPYAttribute z:Ref="i19"/><XYZAttribute z:Ref="i18"/><isCustomized>false</isCustomized></URDFElement><URDFElement z:Id="i20" i:type="Geometry"><Attributes/><ChildElements><URDFElement z:Id="i21" i:type="Mesh"><Attributes><Attribute z:Id="i22"><AttributeType>filename</AttributeType><IsRequired>true</IsRequired><Value i:nil="true"/></Attribute></Attributes><ChildElements/><ElementName>mesh</ElementName><required>false</required><FilenameAttribute z:Ref="i22"/></URDFElement></ChildElements><ElementName>geometry</ElementName><required>true</required><Mesh z:Ref="i21"/></URDFElement><URDFElement z:Id="i23" i:type="Material"><Attributes><Attribute z:Id="i24"><AttributeType>name</AttributeType><IsRequired>true</IsRequired><Value i:type="a:string" xmlns:a="http://www.w3.org/2001/XMLSchema"/></Attribute></Attributes><ChildElements><URDFElement z:Id="i25" i:type="Color"><Attributes><Attribute z:Id="i26"><AttributeType>rgba</AttributeType><IsRequired>true</IsRequired><Value i:type="a:ArrayOfdouble" xmlns:a="http://schemas.microsoft.com/2003/10/Serialization/Arrays"><a:double>1</a:double><a:double>1</a:double><a:double>1</a:double><a:double>1</a:double></Value></Attribute></Attributes><ChildElements/><ElementName>color</ElementName><required>false</required><RGBAAttribute z:Ref="i26"/></URDFElement><URDFElement z:Id="i27" i:type="Texture"><Attributes><Attribute z:Id="i28"><AttributeType>filename</AttributeType><IsRequired>true</IsRequired><Value i:nil="true"/></Attribute></Attributes><ChildElements/><ElementName>texture</ElementName><required>false</required><FilenameAttribute z:Ref="i28"/><wFilename/></URDFElement></ChildElements><ElementName>material</ElementName><required>false</required><Color z:Ref="i25"/><NameAttribute z:Ref="i24"/><Texture z:Ref="i27"/></URDFElement></ChildElements><ElementName>visual</ElementName><required>false</required><Geometry z:Ref="i20"/><Material z:Ref="i23"/><Origin z:Ref="i17"/></URDFElement><URDFElement z:Id="i29" i:type="Collision"><Attributes/><ChildElements><URDFElement z:Id="i30" i:type="Origin"><Attributes><Attribute z:Id="i31"><AttributeType>xyz</AttributeType><IsRequired>true</IsRequired><Value i:type="a:ArrayOfdouble" xmlns:a="http://schemas.microsoft.com/2003/10/Serialization/Arrays"><a:double>0</a:double><a:double>0</a:double><a:double>0</a:double></Value></Attribute><Attribute z:Id="i32"><AttributeType>rpy</AttributeType><IsRequired>true</IsRequired><Value i:type="a:ArrayOfdouble" xmlns:a="http://schemas.microsoft.com/2003/10/Serialization/Arrays"><a:double>0</a:double><a:double>0</a:double><a:double>0</a:double></Value></Attribute></Attributes><ChildElements/><ElementName>origin</ElementName><required>false</required><RPYAttribute z:Ref="i32"/><XYZAttribute z:Ref="i31"/><isCustomized>false</isCustomized></URDFElement><URDFElement z:Id="i33" i:type="Geometry"><Attributes/><ChildElements><URDFElement z:Id="i34" i:type="Mesh"><Attributes><Attribute z:Id="i35"><AttributeType>filename</AttributeType><IsRequired>true</IsRequired><Value i:nil="true"/></Attribute></Attributes><ChildElements/><ElementName>mesh</ElementName><required>false</required><FilenameAttribute z:Ref="i35"/></URDFElement></ChildElements><ElementName>geometry</ElementName><required>true</required><Mesh z:Ref="i34"/></URDFElement></ChildElements><ElementName>collision</ElementName><required>false</required><Geometry z:Ref="i33"/><Origin z:Ref="i30"/></URDFElement><URDFElement z:Id="i36" i:type="Joint"><Attributes><Attribute z:Id="i37"><AttributeType>name</AttributeType><IsRequired>true</IsRequired><Value i:type="a:string" xmlns:a="http://www.w3.org/2001/XMLSchema"/></Attribute><Attribute z:Id="i38"><AttributeType>type</AttributeType><IsRequired>true</IsRequired><Value i:type="a:string" xmlns:a="http://www.w3.org/2001/XMLSchema"/></Attribute></Attributes><ChildElements><URDFElement z:Id="i39" i:type="Origin"><Attributes><Attribute z:Id="i40"><AttributeType>xyz</AttributeType><IsRequired>true</IsRequired><Value i:type="a:ArrayOfdouble" xmlns:a="http://schemas.microsoft.com/2003/10/Serialization/Arrays"><a:double>0</a:double><a:double>0</a:double><a:double>0</a:double></Value></Attribute><Attribute z:Id="i41"><AttributeType>rpy</AttributeType><IsRequired>true</IsRequired><Value i:type="a:ArrayOfdouble" xmlns:a="http://schemas.microsoft.com/2003/10/Serialization/Arrays"><a:double>0</a:double><a:double>0</a:double><a:double>0</a:double></Value></Attribute></Attributes><ChildElements/><ElementName>origin</ElementName><required>false</required><RPYAttribute z:Ref="i41"/><XYZAttribute z:Ref="i40"/><isCustomized>false</isCustomized></URDFElement><URDFElement z:Id="i42" i:type="ParentLink"><Attributes><Attribute z:Id="i43"><AttributeType>link</AttributeType><IsRequired>true</IsRequired><Value i:type="a:string" xmlns:a="http://www.w3.org/2001/XMLSchema"/></Attribute></Attributes><ChildElements/><ElementName>parent</ElementName><required>true</required><NameAttribute z:Ref="i43"/></URDFElement><URDFElement z:Id="i44" i:type="ChildLink"><Attributes><Attribute z:Id="i45"><AttributeType>link</AttributeType><IsRequired>true</IsRequired><Value i:type="a:string" xmlns:a="http://www.w3.org/2001/XMLSchema"/></Attribute></Attributes><ChildElements/><ElementName>child</ElementName><required>true</required><NameAttribute z:Ref="i45"/></URDFElement><URDFElement z:Id="i46" i:type="Axis"><Attributes><Attribute z:Id="i47"><AttributeType>xyz</AttributeType><IsRequired>true</IsRequired><Value i:type="a:ArrayOfdouble" xmlns:a="http://schemas.microsoft.com/2003/10/Serialization/Arrays"><a:double>0</a:double><a:double>0</a:double><a:double>0</a:double></Value></Attribute></Attributes><ChildElements/><ElementName>axis</ElementName><required>false</required><XYZAttribute z:Ref="i47"/></URDFElement><URDFElement z:Id="i48" i:type="Limit"><Attributes><Attribute z:Id="i49"><AttributeType>lower</AttributeType><IsRequired>false</IsRequired><Value i:nil="true"/></Attribute><Attribute z:Id="i50"><AttributeType>upper</AttributeType><IsRequired>false</IsRequired><Value i:nil="true"/></Attribute><Attribute z:Id="i51"><AttributeType>effort</AttributeType><IsRequired>true</IsRequired><Value i:nil="true"/></Attribute><Attribute z:Id="i52"><AttributeType>velocity</AttributeType><IsRequired>true</IsRequired><Value i:nil="true"/></Attribute></Attributes><ChildElements/><ElementName>limit</ElementName><required>false</required><EffortAttribute z:Ref="i51"/><LowerAttribute z:Ref="i49"/><UpperAttribute z:Ref="i50"/><VelocityAttribute z:Ref="i52"/></URDFElement><URDFElement z:Id="i53" i:type="Calibration"><Attributes><Attribute z:Id="i54"><AttributeType>rising</AttributeType><IsRequired>false</IsRequired><Value i:nil="true"/></Attribute><Attribute z:Id="i55"><AttributeType>falling</AttributeType><IsRequired>false</IsRequired><Value i:nil="true"/></Attribute></Attributes><ChildElements/><ElementName>calibration</ElementName><required>false</required><FallingAttribute z:Ref="i55"/><RisingAttribute z:Ref="i54"/></URDFElement><URDFElement z:Id="i56" i:type="Dynamics"><Attributes><Attribute z:Id="i57"><AttributeType>damping</AttributeType><IsRequired>false</IsRequired><Value i:nil="true"/></Attribute><Attribute z:Id="i58"><AttributeType>friction</AttributeType><IsRequired>false</IsRequired><Value i:nil="true"/></Attribute></Attributes><ChildElements/><ElementName>dynamics</ElementName><required>false</required><DampingAttribute z:Ref="i57"/><FrictionAttribute z:Ref="i58"/></URDFElement><URDFElement z:Id="i59" i:type="SafetyController"><Attributes><Attribute z:Id="i60"><AttributeType>soft_upper</AttributeType><IsRequired>false</IsRequired><Value i:nil="true"/></Attribute><Attribute z:Id="i61"><AttributeType>soft_lower</AttributeType><IsRequired>false</IsRequired><Value i:nil="true"/></Attribute><Attribute z:Id="i62"><AttributeType>k_position</AttributeType><IsRequired>false</IsRequired><Value i:nil="true"/></Attribute><Attribute z:Id="i63"><AttributeType>k_velocity</AttributeType><IsRequired>true</IsRequired><Value i:nil="true"/></Attribute></Attributes><ChildElements/><ElementName>safety_controller</ElementName><required>false</required><KPositionAttribute z:Ref="i62"/><KVelocityAttribute z:Ref="i63"/><SoftLowerAttribute z:Ref="i61"/><SoftUpperAttribute z:Ref="i60"/></URDFElement><URDFElement z:Id="i64" i:type="Mimic"><Attributes><Attribute z:Id="i65"><AttributeType>joint</AttributeType><IsRequired>true</IsRequired><Value i:nil="true"/></Attribute><Attribute z:Id="i66"><AttributeType>multiplier</AttributeType><IsRequired>false</IsRequired><Value i:nil="true"/></Attribute><Attribute z:Id="i67"><AttributeType>offset</AttributeType><IsRequired>false</IsRequired><Value i:nil="true"/></Attribute></Attributes><ChildElements/><ElementName>mimic</ElementName><required>false</required><JointNameAttribute z:Ref="i65"/><MultiplierAttribute z:Ref="i66"/><OffsetAttribute z:Ref="i67"/></URDFElement></ChildElements><ElementName>joint</ElementName><required>false</required><Axis z:Ref="i46"/><AxisName/><Calibration z:Ref="i53"/><Child z:Ref="i44"/><CoordinateSystemName>Coordinate System2</CoordinateSystemName><Dynamics z:Ref="i56"/><Limit z:Ref="i48"/><Mimic z:Ref="i64"/><NameAttribute z:Ref="i37"/><Origin z:Ref="i39"/><Parent z:Ref="i42"/><Safety z:Ref="i59"/><TypeAttribute z:Ref="i38"/></URDFElement></ChildElements><ElementName>link</ElementName><required>true</required><Children><Link z:Id="i68"><Attributes><Attribute z:Id="i69"><AttributeType>name</AttributeType><IsRequired>true</IsRequired><Value i:type="a:string" xmlns:a="http://www.w3.org/2001/XMLSchema">ur5e_mounting_link</Value></Attribute></Attributes><ChildElements><URDFElement z:Id="i70" i:type="Inertial"><Attributes/><ChildElements><URDFElement z:Id="i71" i:type="Origin"><Attributes><Attribute z:Id="i72"><AttributeType>xyz</AttributeType><IsRequired>true</IsRequired><Value i:type="a:ArrayOfdouble" xmlns:a="http://schemas.microsoft.com/2003/10/Serialization/Arrays"><a:double>0</a:double><a:double>0</a:double><a:double>0</a:double></Value></Attribute><Attribute z:Id="i73"><AttributeType>rpy</AttributeType><IsRequired>true</IsRequired><Value i:type="a:ArrayOfdouble" xmlns:a="http://schemas.microsoft.com/2003/10/Serialization/Arrays"><a:double>0</a:double><a:double>0</a:double><a:double>0</a:double></Value></Attribute></Attributes><ChildElements/><ElementName>origin</ElementName><required>false</required><RPYAttribute z:Ref="i73"/><XYZAttribute z:Ref="i72"/><isCustomized>false</isCustomized></URDFElement><URDFElement z:Id="i74" i:type="Mass"><Attributes><Attribute z:Id="i75"><AttributeType>value</AttributeType><IsRequired>true</IsRequired><Value i:type="a:double" xmlns:a="http://www.w3.org/2001/XMLSchema">0</Value></Attribute></Attributes><ChildElements/><ElementName>mass</ElementName><required>false</required><ValueAttribute z:Ref="i75"/></URDFElement><URDFElement z:Id="i76" i:type="Inertia"><Attributes><Attribute z:Id="i77"><AttributeType>ixx</AttributeType><IsRequired>true</IsRequired><Value i:type="a:double" xmlns:a="http://www.w3.org/2001/XMLSchema">0</Value></Attribute><Attribute z:Id="i78"><AttributeType>ixy</AttributeType><IsRequired>true</IsRequired><Value i:type="a:double" xmlns:a="http://www.w3.org/2001/XMLSchema">0</Value></Attribute><Attribute z:Id="i79"><AttributeType>ixz</AttributeType><IsRequired>true</IsRequired><Value i:type="a:double" xmlns:a="http://www.w3.org/2001/XMLSchema">0</Value></Attribute><Attribute z:Id="i80"><AttributeType>iyy</AttributeType><IsRequired>true</IsRequired><Value i:type="a:double" xmlns:a="http://www.w3.org/2001/XMLSchema">0</Value></Attribute><Attribute z:Id="i81"><AttributeType>iyz</AttributeType><IsRequired>true</IsRequired><Value i:type="a:double" xmlns:a="http://www.w3.org/2001/XMLSchema">0</Value></Attribute><Attribute z:Id="i82"><AttributeType>izz</AttributeType><IsRequired>true</IsRequired><Value i:type="a:double" xmlns:a="http://www.w3.org/2001/XMLSchema">0</Value></Attribute></Attributes><ChildElements/><ElementName>inertia</ElementName><required>false</required><IxxAttribute z:Ref="i77"/><IxyAttribute z:Ref="i78"/><IxzAttribute z:Ref="i79"/><IyyAttribute z:Ref="i80"/><IyzAttribute z:Ref="i81"/><IzzAttribute z:Ref="i82"/></URDFElement></ChildElements><ElementName>inertial</ElementName><required>false</required><Inertia z:Ref="i76"/><Mass z:Ref="i74"/><Origin z:Ref="i71"/></URDFElement><URDFElement z:Id="i83" i:type="Visual"><Attributes/><ChildElements><URDFElement z:Id="i84" i:type="Origin"><Attributes><Attribute z:Id="i85"><AttributeType>xyz</AttributeType><IsRequired>true</IsRequired><Value i:type="a:ArrayOfdouble" xmlns:a="http://schemas.microsoft.com/2003/10/Serialization/Arrays"><a:double>0</a:double><a:double>0</a:double><a:double>0</a:double></Value></Attribute><Attribute z:Id="i86"><AttributeType>rpy</AttributeType><IsRequired>true</IsRequired><Value i:type="a:ArrayOfdouble" xmlns:a="http://schemas.microsoft.com/2003/10/Serialization/Arrays"><a:double>0</a:double><a:double>0</a:double><a:double>0</a:double></Value></Attribute></Attributes><ChildElements/><ElementName>origin</ElementName><required>false</required><RPYAttribute z:Ref="i86"/><XYZAttribute z:Ref="i85"/><isCustomized>false</isCustomized></URDFElement><URDFElement z:Id="i87" i:type="Geometry"><Attributes/><ChildElements><URDFElement z:Id="i88" i:type="Mesh"><Attributes><Attribute z:Id="i89"><AttributeType>filename</AttributeType><IsRequired>true</IsRequired><Value i:nil="true"/></Attribute></Attributes><ChildElements/><ElementName>mesh</ElementName><required>false</required><FilenameAttribute z:Ref="i89"/></URDFElement></ChildElements><ElementName>geometry</ElementName><required>true</required><Mesh z:Ref="i88"/></URDFElement><URDFElement z:Id="i90" i:type="Material"><Attributes><Attribute z:Id="i91"><AttributeType>name</AttributeType><IsRequired>true</IsRequired><Value i:type="a:string" xmlns:a="http://www.w3.org/2001/XMLSchema"/></Attribute></Attributes><ChildElements><URDFElement z:Id="i92" i:type="Color"><Attributes><Attribute z:Id="i93"><AttributeType>rgba</AttributeType><IsRequired>true</IsRequired><Value i:type="a:ArrayOfdouble" xmlns:a="http://schemas.microsoft.com/2003/10/Serialization/Arrays"><a:double>1</a:double><a:double>1</a:double><a:double>1</a:double><a:double>1</a:double></Value></Attribute></Attributes><ChildElements/><ElementName>color</ElementName><required>false</required><RGBAAttribute z:Ref="i93"/></URDFElement><URDFElement z:Id="i94" i:type="Texture"><Attributes><Attribute z:Id="i95"><AttributeType>filename</AttributeType><IsRequired>true</IsRequired><Value i:nil="true"/></Attribute></Attributes><ChildElements/><ElementName>texture</ElementName><required>false</required><FilenameAttribute z:Ref="i95"/><wFilename/></URDFElement></ChildElements><ElementName>material</ElementName><required>false</required><Color z:Ref="i92"/><NameAttribute z:Ref="i91"/><Texture z:Ref="i94"/></URDFElement></ChildElements><ElementName>visual</ElementName><required>false</required><Geometry z:Ref="i87"/><Material z:Ref="i90"/><Origin z:Ref="i84"/></URDFElement><URDFElement z:Id="i96" i:type="Collision"><Attributes/><ChildElements><URDFElement z:Id="i97" i:type="Origin"><Attributes><Attribute z:Id="i98"><AttributeType>xyz</AttributeType><IsRequired>true</IsRequired><Value i:type="a:ArrayOfdouble" xmlns:a="http://schemas.microsoft.com/2003/10/Serialization/Arrays"><a:double>0</a:double><a:double>0</a:double><a:double>0</a:double></Value></Attribute><Attribute z:Id="i99"><AttributeType>rpy</AttributeType><IsRequired>true</IsRequired><Value i:type="a:ArrayOfdouble" xmlns:a="http://schemas.microsoft.com/2003/10/Serialization/Arrays"><a:double>0</a:double><a:double>0</a:double><a:double>0</a:double></Value></Attribute></Attributes><ChildElements/><ElementName>origin</ElementName><required>false</required><RPYAttribute z:Ref="i99"/><XYZAttribute z:Ref="i98"/><isCustomized>false</isCustomized></URDFElement><URDFElement z:Id="i100" i:type="Geometry"><Attributes/><ChildElements><URDFElement z:Id="i101" i:type="Mesh"><Attributes><Attribute z:Id="i102"><AttributeType>filename</AttributeType><IsRequired>true</IsRequired><Value i:nil="true"/></Attribute></Attributes><ChildElements/><ElementName>mesh</ElementName><required>false</required><FilenameAttribute z:Ref="i102"/></URDFElement></ChildElements><ElementName>geometry</ElementName><required>true</required><Mesh z:Ref="i101"/></URDFElement></ChildElements><ElementName>collision</ElementName><required>false</required><Geometry z:Ref="i100"/><Origin z:Ref="i97"/></URDFElement><URDFElement z:Id="i103" i:type="Joint"><Attributes><Attribute z:Id="i104"><AttributeType>name</AttributeType><IsRequired>true</IsRequired><Value i:type="a:string" xmlns:a="http://www.w3.org/2001/XMLSchema">ur5e_mounting_joint</Value></Attribute><Attribute z:Id="i105"><AttributeType>type</AttributeType><IsRequired>true</IsRequired><Value i:type="a:string" xmlns:a="http://www.w3.org/2001/XMLSchema">fixed</Value></Attribute></Attributes><ChildElements><URDFElement z:Id="i106" i:type="Origin"><Attributes><Attribute z:Id="i107"><AttributeType>xyz</AttributeType><IsRequired>true</IsRequired><Value i:type="a:ArrayOfdouble" xmlns:a="http://schemas.microsoft.com/2003/10/Serialization/Arrays"><a:double>0</a:double><a:double>0</a:double><a:double>0</a:double></Value></Attribute><Attribute z:Id="i108"><AttributeType>rpy</AttributeType><IsRequired>true</IsRequired><Value i:type="a:ArrayOfdouble" xmlns:a="http://schemas.microsoft.com/2003/10/Serialization/Arrays"><a:double>0</a:double><a:double>0</a:double><a:double>0</a:double></Value></Attribute></Attributes><ChildElements/><ElementName>origin</ElementName><required>false</required><RPYAttribute z:Ref="i108"/><XYZAttribute z:Ref="i107"/><isCustomized>false</isCustomized></URDFElement><URDFElement z:Id="i109" i:type="ParentLink"><Attributes><Attribute z:Id="i110"><AttributeType>link</AttributeType><IsRequired>true</IsRequired><Value i:type="a:string" xmlns:a="http://www.w3.org/2001/XMLSchema"/></Attribute></Attributes><ChildElements/><ElementName>parent</ElementName><required>true</required><NameAttribute z:Ref="i110"/></URDFElement><URDFElement z:Id="i111" i:type="ChildLink"><Attributes><Attribute z:Id="i112"><AttributeType>link</AttributeType><IsRequired>true</IsRequired><Value i:type="a:string" xmlns:a="http://www.w3.org/2001/XMLSchema"/></Attribute></Attributes><ChildElements/><ElementName>child</ElementName><required>true</required><NameAttribute z:Ref="i112"/></URDFElement><URDFElement z:Id="i113" i:type="Axis"><Attributes><Attribute z:Id="i114"><AttributeType>xyz</AttributeType><IsRequired>true</IsRequired><Value i:type="a:ArrayOfdouble" xmlns:a="http://schemas.microsoft.com/2003/10/Serialization/Arrays"><a:double>0</a:double><a:double>0</a:double><a:double>0</a:double></Value></Attribute></Attributes><ChildElements/><ElementName>axis</ElementName><required>false</required><XYZAttribute z:Ref="i114"/></URDFElement><URDFElement z:Id="i115" i:type="Limit"><Attributes><Attribute z:Id="i116"><AttributeType>lower</AttributeType><IsRequired>false</IsRequired><Value i:nil="true"/></Attribute><Attribute z:Id="i117"><AttributeType>upper</AttributeType><IsRequired>false</IsRequired><Value i:nil="true"/></Attribute><Attribute z:Id="i118"><AttributeType>effort</AttributeType><IsRequired>true</IsRequired><Value i:nil="true"/></Attribute><Attribute z:Id="i119"><AttributeType>velocity</AttributeType><IsRequired>true</IsRequired><Value i:nil="true"/></Attribute></Attributes><ChildElements/><ElementName>limit</ElementName><required>false</required><EffortAttribute z:Ref="i118"/><LowerAttribute z:Ref="i116"/><UpperAttribute z:Ref="i117"/><VelocityAttribute z:Ref="i119"/></URDFElement><URDFElement z:Id="i120" i:type="Calibration"><Attributes><Attribute z:Id="i121"><AttributeType>rising</AttributeType><IsRequired>false</IsRequired><Value i:nil="true"/></Attribute><Attribute z:Id="i122"><AttributeType>falling</AttributeType><IsRequired>false</IsRequired><Value i:nil="true"/></Attribute></Attributes><ChildElements/><ElementName>calibration</ElementName><required>false</required><FallingAttribute z:Ref="i122"/><RisingAttribute z:Ref="i121"/></URDFElement><URDFElement z:Id="i123" i:type="Dynamics"><Attributes><Attribute z:Id="i124"><AttributeType>damping</AttributeType><IsRequired>false</IsRequired><Value i:nil="true"/></Attribute><Attribute z:Id="i125"><AttributeType>friction</AttributeType><IsRequired>false</IsRequired><Value i:nil="true"/></Attribute></Attributes><ChildElements/><ElementName>dynamics</ElementName><required>false</required><DampingAttribute z:Ref="i124"/><FrictionAttribute z:Ref="i125"/></URDFElement><URDFElement z:Id="i126" i:type="SafetyController"><Attributes><Attribute z:Id="i127"><AttributeType>soft_upper</AttributeType><IsRequired>false</IsRequired><Value i:nil="true"/></Attribute><Attribute z:Id="i128"><AttributeType>soft_lower</AttributeType><IsRequired>false</IsRequired><Value i:nil="true"/></Attribute><Attribute z:Id="i129"><AttributeType>k_position</AttributeType><IsRequired>false</IsRequired><Value i:nil="true"/></Attribute><Attribute z:Id="i130"><AttributeType>k_velocity</AttributeType><IsRequired>true</IsRequired><Value i:nil="true"/></Attribute></Attributes><ChildElements/><ElementName>safety_controller</ElementName><required>false</required><KPositionAttribute z:Ref="i129"/><KVelocityAttribute z:Ref="i130"/><SoftLowerAttribute z:Ref="i128"/><SoftUpperAttribute z:Ref="i127"/></URDFElement><URDFElement z:Id="i131" i:type="Mimic"><Attributes><Attribute z:Id="i132"><AttributeType>joint</AttributeType><IsRequired>true</IsRequired><Value i:nil="true"/></Attribute><Attribute z:Id="i133"><AttributeType>multiplier</AttributeType><IsRequired>false</IsRequired><Value i:nil="true"/></Attribute><Attribute z:Id="i134"><AttributeType>offset</AttributeType><IsRequired>false</IsRequired><Value i:nil="true"/></Attribute></Attributes><ChildElements/><ElementName>mimic</ElementName><required>false</required><JointNameAttribute z:Ref="i132"/><MultiplierAttribute z:Ref="i133"/><OffsetAttribute z:Ref="i134"/></URDFElement></ChildElements><ElementName>joint</ElementName><required>false</required><Axis z:Ref="i113"/><AxisName>Automatically Generate</AxisName><Calibration z:Ref="i120"/><Child z:Ref="i111"/><CoordinateSystemName>Coordinate System1</CoordinateSystemName><Dynamics z:Ref="i123"/><Limit z:Ref="i115"/><Mimic z:Ref="i131"/><NameAttribute z:Ref="i104"/><Origin z:Ref="i106"/><Parent z:Ref="i109"/><Safety z:Ref="i126"/><TypeAttribute z:Ref="i105"/></URDFElement></ChildElements><ElementName>link</ElementName><required>true</required><Children/><Collision z:Ref="i96"/><Inertial z:Ref="i70"/><Joint z:Ref="i103"/><NameAttribute z:Ref="i69"/><Parent z:Ref="i1"/><STLQualityFine>false</STLQualityFine><SWComponentPIDs xmlns:a="http://schemas.microsoft.com/2003/10/Serialization/Arrays"><a:base64Binary>sDYAAAUAAAD//v9vVgBlAG4AdABpAG8AbgBBAHMAcwBlAG0AYgBsAHkAXwAxADIANwA3ADMAXwB2ADMANgAuAFMAVABFAFAALQAxAEAAVgBlAG4AdABpAG8AbgBBAHMAcwBlAG0AYgBsAHkAXwAxADIANwA3ADMAXwB2ADMANgAvAFMAVAAtAFIAQgAtADAAMAAxAC0AMAAwADAAMwAuAFMAVABFAFAALQAxAEAAVgBlAG4AdABpAG8AbgBBAHMAcwBlAG0AYgBsAHkAXwAxADIANwA3ADMAXwB2ADMANgAuAFMAVABFAFAABAAAABAAAAABAAAAAgAAABgAAAAnAAAA</a:base64Binary></SWComponentPIDs><SWMainComponentPID i:nil="true"/><Visual z:Ref="i83"/><isFixedFrame>false</isFixedFrame><isIncomplete>false</isIncomplete></Link></Children><Collision z:Ref="i29"/><Inertial z:Ref="i3"/><Joint z:Ref="i36"/><NameAttribute z:Ref="i2"/><Parent i:nil="true"/><STLQualityFine>false</STLQualityFine><SWComponentPIDs xmlns:a="http://schemas.microsoft.com/2003/10/Serialization/Arrays"><a:base64Binary>sDYAAAUAAAD//v9vVgBlAG4AdABpAG8AbgBBAHMAcwBlAG0AYgBsAHkAXwAxADIANwA3ADMAXwB2ADMANgAuAFMAVABFAFAALQAxAEAAVgBlAG4AdABpAG8AbgBBAHMAcwBlAG0AYgBsAHkAXwAxADIANwA3ADMAXwB2ADMANgAvAFMAVAAtAEgAUAAtADAAMAAxAC0AMAAwADAAMQAuAFMAVABFAFAALQA0AEAAVgBlAG4AdABpAG8AbgBBAHMAcwBlAG0AYgBsAHkAXwAxADIANwA3ADMAXwB2ADMANgAuAFMAVABFAFAABAAAABAAAAABAAAAAgAAABgAAABTAAAA</a:base64Binary><a:base64Binary>sDYAAAUAAAD//v9vVgBlAG4AdABpAG8AbgBBAHMAcwBlAG0AYgBsAHkAXwAxADIANwA3ADMAXwB2ADMANgAuAFMAVABFAFAALQAxAEAAVgBlAG4AdABpAG8AbgBBAHMAcwBlAG0AYgBsAHkAXwAxADIANwA3ADMAXwB2ADMANgAvAFMAVAAtAEgAUAAtADAAMAAzAC0AMAAwADAAMQAuAFMAVABFAFAALQA4AEAAVgBlAG4AdABpAG8AbgBBAHMAcwBlAG0AYgBsAHkAXwAxADIANwA3ADMAXwB2ADMANgAuAFMAVABFAFAABAAAABAAAAABAAAAAgAAABgAAABUAAAA</a:base64Binary><a:base64Binary>sDYAAAUAAAD//v9vVgBlAG4AdABpAG8AbgBBAHMAcwBlAG0AYgBsAHkAXwAxADIANwA3ADMAXwB2ADMANgAuAFMAVABFAFAALQAxAEAAVgBlAG4AdABpAG8AbgBBAHMAcwBlAG0AYgBsAHkAXwAxADIANwA3ADMAXwB2ADMANgAvAFMAVAAtAEgAUAAtADAAMAAxAC0AMAAwADAAMQAuAFMAVABFAFAALQAzAEAAVgBlAG4AdABpAG8AbgBBAHMAcwBlAG0AYgBsAHkAXwAxADIANwA3ADMAXwB2ADMANgAuAFMAVABFAFAABAAAABAAAAABAAAAAgAAABgAAABSAAAA</a:base64Binary><a:base64Binary>sDYAAAUAAAD//v9vVgBlAG4AdABpAG8AbgBBAHMAcwBlAG0AYgBsAHkAXwAxADIANwA3ADMAXwB2ADMANgAuAFMAVABFAFAALQAxAEAAVgBlAG4AdABpAG8AbgBBAHMAcwBlAG0AYgBsAHkAXwAxADIANwA3ADMAXwB2ADMANgAvAFMAVAAtAEgAUAAtADAAMAAxAC0AMAAwADAAMQAuAFMAVABFAFAALQAyAEAAVgBlAG4AdABpAG8AbgBBAHMAcwBlAG0AYgBsAHkAXwAxADIANwA3ADMAXwB2ADMANgAuAFMAVABFAFAABAAAABAAAAABAAAAAgAAABgAAABRAAAA</a:base64Binary><a:base64Binary>sDYAAAUAAAD//v9vVgBlAG4AdABpAG8AbgBBAHMAcwBlAG0AYgBsAHkAXwAxADIANwA3ADMAXwB2ADMANgAuAFMAVABFAFAALQAxAEAAVgBlAG4AdABpAG8AbgBBAHMAcwBlAG0AYgBsAHkAXwAxADIANwA3ADMAXwB2ADMANgAvAFMAVAAtAEgAUAAtADAAMAAzAC0AMAAwADAAMQAuAFMAVABFAFAALQA0AEAAVgBlAG4AdABpAG8AbgBBAHMAcwBlAG0AYgBsAHkAXwAxADIANwA3ADMAXwB2ADMANgAuAFMAVABFAFAABAAAABAAAAABAAAAAgAAABgAAABMAAAA</a:base64Binary><a:base64Binary>sDYAAAUAAAD//v9yVgBlAG4AdABpAG8AbgBBAHMAcwBlAG0AYgBsAHkAXwAxADIANwA3ADMAXwB2ADMANgAuAFMAVABFAFAALQAxAEAAVgBlAG4AdABpAG8AbgBBAHMAcwBlAG0AYgBsAHkAXwAxADIANwA3ADMAXwB2ADMANgAvAFMAVAAtAFIAQgAtADAAMAAyAC0AMAAwADAAMQBfAF8AMgAuAFMAVABFAFAALQAxAEAAVgBlAG4AdABpAG8AbgBBAHMAcwBlAG0AYgBsAHkAXwAxADIANwA3ADMAXwB2ADMANgAuAFMAVABFAFAABAAAABAAAAABAAAAAgAAABgAAABKAAAA</a:base64Binary><a:base64Binary>sDYAAAUAAAD//v9vVgBlAG4AdABpAG8AbgBBAHMAcwBlAG0AYgBsAHkAXwAxADIANwA3ADMAXwB2ADMANgAuAFMAVABFAFAALQAxAEAAVgBlAG4AdABpAG8AbgBBAHMAcwBlAG0AYgBsAHkAXwAxADIANwA3ADMAXwB2ADMANgAvAFMAVAAtAEgAUAAtADAAMAAzAC0AMAAwADAAMQAuAFMAVABFAFAALQAyAEAAVgBlAG4AdABpAG8AbgBBAHMAcwBlAG0AYgBsAHkAXwAxADIANwA3ADMAXwB2ADMANgAuAFMAVABFAFAABAAAABAAAAABAAAAAgAAABgAAABIAAAA</a:base64Binary><a:base64Binary>sDYAAAUAAAD//v9vVgBlAG4AdABpAG8AbgBBAHMAcwBlAG0AYgBsAHkAXwAxADIANwA3ADMAXwB2ADMANgAuAFMAVABFAFAALQAxAEAAVgBlAG4AdABpAG8AbgBBAHMAcwBlAG0AYgBsAHkAXwAxADIANwA3ADMAXwB2ADMANgAvAFMAVAAtAEgAUAAtADAAMAAzAC0AMAAwADAAMQAuAFMAVABFAFAALQAxAEAAVgBlAG4AdABpAG8AbgBBAHMAcwBlAG0AYgBsAHkAXwAxADIANwA3ADMAXwB2ADMANgAuAFMAVABFAFAABAAAABAAAAABAAAAAgAAABgAAABHAAAA</a:base64Binary><a:base64Binary>sDYAAAUAAAD//v9wVgBlAG4AdABpAG8AbgBBAHMAcwBlAG0AYgBsAHkAXwAxADIANwA3ADMAXwB2ADMANgAuAFMAVABFAFAALQAxAEAAVgBlAG4AdABpAG8AbgBBAHMAcwBlAG0AYgBsAHkAXwAxADIANwA3ADMAXwB2ADMANgAvAFMAVAAtAEUAWABUAC0AMAAwADEALQAwADYANwA1AC4AUwBUAEUAUAAtADQAQABWAGUAbgB0AGkAbwBuAEEAcwBzAGUAbQBiAGwAeQBfADEAMgA3ADcAMwBfAHYAMwA2AC4AUwBUAEUAUAAEAAAAEAAAAAEAAAACAAAAGAAAAEYAAAA=</a:base64Binary><a:base64Binary>sDYAAAUAAAD//v9wVgBlAG4AdABpAG8AbgBBAHMAcwBlAG0AYgBsAHkAXwAxADIANwA3ADMAXwB2ADMANgAuAFMAVABFAFAALQAxAEAAVgBlAG4AdABpAG8AbgBBAHMAcwBlAG0AYgBsAHkAXwAxADIANwA3ADMAXwB2ADMANgAvAFMAVAAtAEUAWABUAC0AMAAwADEALQAwADYANwA1AC4AUwBUAEUAUAAtADMAQABWAGUAbgB0AGkAbwBuAEEAcwBzAGUAbQBiAGwAeQBfADEAMgA3ADcAMwBfAHYAMwA2AC4AUwBUAEUAUAAEAAAAEAAAAAEAAAACAAAAGAAAAEUAAAA=</a:base64Binary><a:base64Binary>sDYAAAUAAAD//v9vVgBlAG4AdABpAG8AbgBBAHMAcwBlAG0AYgBsAHkAXwAxADIANwA3ADMAXwB2ADMANgAuAFMAVABFAFAALQAxAEAAVgBlAG4AdABpAG8AbgBBAHMAcwBlAG0AYgBsAHkAXwAxADIANwA3ADMAXwB2ADMANgAvAFMAVAAtAFIAQgAtADAAMAA5AC0AMAAwADAAMQAuAFMAVABFAFAALQA0AEAAVgBlAG4AdABpAG8AbgBBAHMAcwBlAG0AYgBsAHkAXwAxADIANwA3ADMAXwB2ADMANgAuAFMAVABFAFAABAAAABAAAAABAAAAAgAAABgAAABEAAAA</a:base64Binary><a:base64Binary>sDYAAAUAAAD//v9vVgBlAG4AdABpAG8AbgBBAHMAcwBlAG0AYgBsAHkAXwAxADIANwA3ADMAXwB2ADMANgAuAFMAVABFAFAALQAxAEAAVgBlAG4AdABpAG8AbgBBAHMAcwBlAG0AYgBsAHkAXwAxADIANwA3ADMAXwB2ADMANgAvAFMAVAAtAFIAQgAtADAAMAA5AC0AMAAwADAAMQAuAFMAVABFAFAALQAyAEAAVgBlAG4AdABpAG8AbgBBAHMAcwBlAG0AYgBsAHkAXwAxADIANwA3ADMAXwB2ADMANgAuAFMAVABFAFAABAAAABAAAAABAAAAAgAAABgAAABCAAAA</a:base64Binary><a:base64Binary>sDYAAAUAAAD//v9vVgBlAG4AdABpAG8AbgBBAHMAcwBlAG0AYgBsAHkAXwAxADIANwA3ADMAXwB2ADMANgAuAFMAVABFAFAALQAxAEAAVgBlAG4AdABpAG8AbgBBAHMAcwBlAG0AYgBsAHkAXwAxADIANwA3ADMAXwB2ADMANgAvAFMAVAAtAEcAUAAtADAAMAAxAC0AMAAwADAANAAuAFMAVABFAFAALQAyAEAAVgBlAG4AdABpAG8AbgBBAHMAcwBlAG0AYgBsAHkAXwAxADIANwA3ADMAXwB2ADMANgAuAFMAVABFAFAABAAAABAAAAABAAAAAgAAABgAAAA6AAAA</a:base64Binary><a:base64Binary>sDYAAAUAAAD//v9wVgBlAG4AdABpAG8AbgBBAHMAcwBlAG0AYgBsAHkAXwAxADIANwA3ADMAXwB2ADMANgAuAFMAVABFAFAALQAxAEAAVgBlAG4AdABpAG8AbgBBAHMAcwBlAG0AYgBsAHkAXwAxADIANwA3ADMAXwB2ADMANgAvAFMAVAAtAEUAWABUAC0AMAAwADIALQAwADQANQAwAC4AUwBUAEUAUAAtADEAQABWAGUAbgB0AGkAbwBuAEEAcwBzAGUAbQBiAGwAeQBfADEAMgA3ADcAMwBfAHYAMwA2AC4AUwBUAEUAUAAEAAAAEAAAAAEAAAACAAAAGAAAADcAAAA=</a:base64Binary><a:base64Binary>sDYAAAUAAAD//v9vVgBlAG4AdABpAG8AbgBBAHMAcwBlAG0AYgBsAHkAXwAxADIANwA3ADMAXwB2ADMANgAuAFMAVABFAFAALQAxAEAAVgBlAG4AdABpAG8AbgBBAHMAcwBlAG0AYgBsAHkAXwAxADIANwA3ADMAXwB2ADMANgAvAFMAVAAtAEcAUAAtADAAMAAxAC0AMAAwADEAMwAuAFMAVABFAFAALQAzAEAAVgBlAG4AdABpAG8AbgBBAHMAcwBlAG0AYgBsAHkAXwAxADIANwA3ADMAXwB2ADMANgAuAFMAVABFAFAABAAAABAAAAABAAAAAgAAABgAAAA/AAAA</a:base64Binary><a:base64Binary>sDYAAAUAAAD//v9vVgBlAG4AdABpAG8AbgBBAHMAcwBlAG0AYgBsAHkAXwAxADIANwA3ADMAXwB2ADMANgAuAFMAVABFAFAALQAxAEAAVgBlAG4AdABpAG8AbgBBAHMAcwBlAG0AYgBsAHkAXwAxADIANwA3ADMAXwB2ADMANgAvAFMAVAAtAEcAUAAtADAAMAAxAC0AMAAwADEAMwAuAFMAVABFAFAALQAyAEAAVgBlAG4AdABpAG8AbgBBAHMAcwBlAG0AYgBsAHkAXwAxADIANwA3ADMAXwB2ADMANgAuAFMAVABFAFAABAAAABAAAAABAAAAAgAAABgAAAA+AAAA</a:base64Binary><a:base64Binary>sDYAAAUAAAD//v9vVgBlAG4AdABpAG8AbgBBAHMAcwBlAG0AYgBsAHkAXwAxADIANwA3ADMAXwB2ADMANgAuAFMAVABFAFAALQAxAEAAVgBlAG4AdABpAG8AbgBBAHMAcwBlAG0AYgBsAHkAXwAxADIANwA3ADMAXwB2ADMANgAvAFMAVAAtAEcAUAAtADAAMAAxAC0AMAAwADAANAAuAFMAVABFAFAALQAxAEAAVgBlAG4AdABpAG8AbgBBAHMAcwBlAG0AYgBsAHkAXwAxADIANwA3ADMAXwB2ADMANgAuAFMAVABFAFAABAAAABAAAAABAAAAAgAAABgAAAA5AAAA</a:base64Binary><a:base64Binary>sDYAAAUAAAD//v9vVgBlAG4AdABpAG8AbgBBAHMAcwBlAG0AYgBsAHkAXwAxADIANwA3ADMAXwB2ADMANgAuAFMAVABFAFAALQAxAEAAVgBlAG4AdABpAG8AbgBBAHMAcwBlAG0AYgBsAHkAXwAxADIANwA3ADMAXwB2ADMANgAvAFMAVAAtAEcAUAAtADAAMAAxAC0AMAAwADAANAAuAFMAVABFAFAALQA0AEAAVgBlAG4AdABpAG8AbgBBAHMAcwBlAG0AYgBsAHkAXwAxADIANwA3ADMAXwB2ADMANgAuAFMAVABFAFAABAAAABAAAAABAAAAAgAAABgAAAA8AAAA</a:base64Binary><a:base64Binary>sDYAAAUAAAD//v9wVgBlAG4AdABpAG8AbgBBAHMAcwBlAG0AYgBsAHkAXwAxADIANwA3ADMAXwB2ADMANgAuAFMAVABFAFAALQAxAEAAVgBlAG4AdABpAG8AbgBBAHMAcwBlAG0AYgBsAHkAXwAxADIANwA3ADMAXwB2ADMANgAvAFMAVAAtAEUAWABUAC0AMAAwADIALQAwADQANQAwAC4AUwBUAEUAUAAtADIAQABWAGUAbgB0AGkAbwBuAEEAcwBzAGUAbQBiAGwAeQBfADEAMgA3ADcAMwBfAHYAMwA2AC4AUwBUAEUAUAAEAAAAEAAAAAEAAAACAAAAGAAAADgAAAA=</a:base64Binary><a:base64Binary>sDYAAAUAAAD//v9vVgBlAG4AdABpAG8AbgBBAHMAcwBlAG0AYgBsAHkAXwAxADIANwA3ADMAXwB2ADMANgAuAFMAVABFAFAALQAxAEAAVgBlAG4AdABpAG8AbgBBAHMAcwBlAG0AYgBsAHkAXwAxADIANwA3ADMAXwB2ADMANgAvAFMAVAAtAEcAUAAtADAAMAAxAC0AMAAwADAANAAuAFMAVABFAFAALQAzAEAAVgBlAG4AdABpAG8AbgBBAHMAcwBlAG0AYgBsAHkAXwAxADIANwA3ADMAXwB2ADMANgAuAFMAVABFAFAABAAAABAAAAABAAAAAgAAABgAAAA7AAAA</a:base64Binary><a:base64Binary>sDYAAAUAAAD//v9vVgBlAG4AdABpAG8AbgBBAHMAcwBlAG0AYgBsAHkAXwAxADIANwA3ADMAXwB2ADMANgAuAFMAVABFAFAALQAxAEAAVgBlAG4AdABpAG8AbgBBAHMAcwBlAG0AYgBsAHkAXwAxADIANwA3ADMAXwB2ADMANgAvAFMAVAAtAFIAQgAtADAAMAA5AC0AMAAwADAAMQAuAFMAVABFAFAALQAzAEAAVgBlAG4AdABpAG8AbgBBAHMAcwBlAG0AYgBsAHkAXwAxADIANwA3ADMAXwB2ADMANgAuAFMAVABFAFAABAAAABAAAAABAAAAAgAAABgAAABDAAAA</a:base64Binary><a:base64Binary>sDYAAAUAAAD//v9vVgBlAG4AdABpAG8AbgBBAHMAcwBlAG0AYgBsAHkAXwAxADIANwA3ADMAXwB2ADMANgAuAFMAVABFAFAALQAxAEAAVgBlAG4AdABpAG8AbgBBAHMAcwBlAG0AYgBsAHkAXwAxADIANwA3ADMAXwB2ADMANgAvAFMAVAAtAEcAUAAtADAAMAAxAC0AMAAwADEAMwAuAFMAVABFAFAALQAxAEAAVgBlAG4AdABpAG8AbgBBAHMAcwBlAG0AYgBsAHkAXwAxADIANwA3ADMAXwB2ADMANgAuAFMAVABFAFAABAAAABAAAAABAAAAAgAAABgAAAA9AAAA</a:base64Binary><a:base64Binary>sDYAAAUAAAD//v9vVgBlAG4AdABpAG8AbgBBAHMAcwBlAG0AYgBsAHkAXwAxADIANwA3ADMAXwB2ADMANgAuAFMAVABFAFAALQAxAEAAVgBlAG4AdABpAG8AbgBBAHMAcwBlAG0AYgBsAHkAXwAxADIANwA3ADMAXwB2ADMANgAvAFMAVAAtAEgAUAAtADAAMAAzAC0AMAAwADAAMQAuAFMAVABFAFAALQA1AEAAVgBlAG4AdABpAG8AbgBBAHMAcwBlAG0AYgBsAHkAXwAxADIANwA3ADMAXwB2ADMANgAuAFMAVABFAFAABAAAABAAAAABAAAAAgAAABgAAABNAAAA</a:base64Binary><a:base64Binary>sDYAAAUAAAD//v+DVgBlAG4AdABpAG8AbgBBAHMAcwBlAG0AYgBsAHkAXwAxADIANwA3ADMAXwB2ADMANgAuAFMAVABFAFAALQAxAEAAVgBlAG4AdABpAG8AbgBBAHMAcwBlAG0AYgBsAHkAXwAxADIANwA3ADMAXwB2ADMANgAvAGkAbQBwAG8AcgB0AGUAZAAtAFAAQQBOAEUATAAtADAARQBEAEMANAA3ADcANwBGAEQAOABBAF8AMgA1ADUAOAAxADgALgBTAFQARQBQAC0AMQBAAFYAZQBuAHQAaQBvAG4AQQBzAHMAZQBtAGIAbAB5AF8AMQAyADcANwAzAF8AdgAzADYALgBTAFQARQBQAAQAAAAQAAAAAQAAAAIAAAAYAAAAVQAAAA==</a:base64Binary><a:base64Binary>sDYAAAUAAAD//v9vVgBlAG4AdABpAG8AbgBBAHMAcwBlAG0AYgBsAHkAXwAxADIANwA3ADMAXwB2ADMANgAuAFMAVABFAFAALQAxAEAAVgBlAG4AdABpAG8AbgBBAHMAcwBlAG0AYgBsAHkAXwAxADIANwA3ADMAXwB2ADMANgAvAFMAVAAtAEgAUAAtADAAMAAzAC0AMAAwADAAMQAuAFMAVABFAFAALQA2AEAAVgBlAG4AdABpAG8AbgBBAHMAcwBlAG0AYgBsAHkAXwAxADIANwA3ADMAXwB2ADMANgAuAFMAVABFAFAABAAAABAAAAABAAAAAgAAABgAAABOAAAA</a:base64Binary><a:base64Binary>sDYAAAUAAAD//v9vVgBlAG4AdABpAG8AbgBBAHMAcwBlAG0AYgBsAHkAXwAxADIANwA3ADMAXwB2ADMANgAuAFMAVABFAFAALQAxAEAAVgBlAG4AdABpAG8AbgBBAHMAcwBlAG0AYgBsAHkAXwAxADIANwA3ADMAXwB2ADMANgAvAFMAVAAtAFIAQgAtADAAMAA5AC0AMAAwADAAMQAuAFMAVABFAFAALQAxAEAAVgBlAG4AdABpAG8AbgBBAHMAcwBlAG0AYgBsAHkAXwAxADIANwA3ADMAXwB2ADMANgAuAFMAVABFAFAABAAAABAAAAABAAAAAgAAABgAAABBAAAA</a:base64Binary><a:base64Binary>sDYAAAUAAAD//v9vVgBlAG4AdABpAG8AbgBBAHMAcwBlAG0AYgBsAHkAXwAxADIANwA3ADMAXwB2ADMANgAuAFMAVABFAFAALQAxAEAAVgBlAG4AdABpAG8AbgBBAHMAcwBlAG0AYgBsAHkAXwAxADIANwA3ADMAXwB2ADMANgAvAFMAVAAtAEgAUAAtADAAMAAzAC0AMAAwADAAMQAuAFMAVABFAFAALQA3AEAAVgBlAG4AdABpAG8AbgBBAHMAcwBlAG0AYgBsAHkAXwAxADIANwA3ADMAXwB2ADMANgAuAFMAVABFAFAABAAAABAAAAABAAAAAgAAABgAAABPAAAA</a:base64Binary><a:base64Binary>sDYAAAUAAAD//v9vVgBlAG4AdABpAG8AbgBBAHMAcwBlAG0AYgBsAHkAXwAxADIANwA3ADMAXwB2ADMANgAuAFMAVABFAFAALQAxAEAAVgBlAG4AdABpAG8AbgBBAHMAcwBlAG0AYgBsAHkAXwAxADIANwA3ADMAXwB2ADMANgAvAFMAVAAtAEgAUAAtADAAMAAxAC0AMAAwADAAMQAuAFMAVABFAFAALQAxAEAAVgBlAG4AdABpAG8AbgBBAHMAcwBlAG0AYgBsAHkAXwAxADIANwA3ADMAXwB2ADMANgAuAFMAVABFAFAABAAAABAAAAABAAAAAgAAABgAAABQAAAA</a:base64Binary><a:base64Binary>sDYAAAUAAAD//v9wVgBlAG4AdABpAG8AbgBBAHMAcwBlAG0AYgBsAHkAXwAxADIANwA3ADMAXwB2ADMANgAuAFMAVABFAFAALQAxAEAAVgBlAG4AdABpAG8AbgBBAHMAcwBlAG0AYgBsAHkAXwAxADIANwA3ADMAXwB2ADMANgAvAFMAVAAtAEUAWABUAC0AMAAwADIALQAwADYANwA1AC4AUwBUAEUAUAAtADEAQABWAGUAbgB0AGkAbwBuAEEAcwBzAGUAbQBiAGwAeQBfADEAMgA3ADcAMwBfAHYAMwA2AC4AUwBUAEUAUAAEAAAAEAAAAAEAAAACAAAAGAAAAEsAAAA=</a:base64Binary><a:base64Binary>sDYAAAUAAAD//v9vVgBlAG4AdABpAG8AbgBBAHMAcwBlAG0AYgBsAHkAXwAxADIANwA3ADMAXwB2ADMANgAuAFMAVABFAFAALQAxAEAAVgBlAG4AdABpAG8AbgBBAHMAcwBlAG0AYgBsAHkAXwAxADIANwA3ADMAXwB2ADMANgAvAFMAVAAtAEgAUAAtADAAMAAzAC0AMAAwADAAMQAuAFMAVABFAFAALQAzAEAAVgBlAG4AdABpAG8AbgBBAHMAcwBlAG0AYgBsAHkAXwAxADIANwA3ADMAXwB2ADMANgAuAFMAVABFAFAABAAAABAAAAABAAAAAgAAABgAAABJAAAA</a:base64Binary><a:base64Binary>sDYAAAUAAAD//v9vVgBlAG4AdABpAG8AbgBBAHMAcwBlAG0AYgBsAHkAXwAxADIANwA3ADMAXwB2ADMANgAuAFMAVABFAFAALQAxAEAAVgBlAG4AdABpAG8AbgBBAHMAcwBlAG0AYgBsAHkAXwAxADIANwA3ADMAXwB2ADMANgAvAFMAVAAtAEcAUAAtADAAMAAxAC0AMAAwADEAMwAuAFMAVABFAFAALQA0AEAAVgBlAG4AdABpAG8AbgBBAHMAcwBlAG0AYgBsAHkAXwAxADIANwA3ADMAXwB2ADMANgAuAFMAVABFAFAABAAAABAAAAABAAAAAgAAABgAAABAAAAA</a:base64Binary><a:base64Binary>sDYAAAUAAAD//v9vVgBlAG4AdABpAG8AbgBBAHMAcwBlAG0AYgBsAHkAXwAxADIANwA3ADMAXwB2ADMANgAuAFMAVABFAFAALQAxAEAAVgBlAG4AdABpAG8AbgBBAHMAcwBlAG0AYgBsAHkAXwAxADIANwA3ADMAXwB2ADMANgAvAFMAVAAtAEcAUAAtADAAMAAxAC0AMAAwADAAOQAuAFMAVABFAFAALQA3AEAAVgBlAG4AdABpAG8AbgBBAHMAcwBlAG0AYgBsAHkAXwAxADIANwA3ADMAXwB2ADMANgAuAFMAVABFAFAABAAAABAAAAABAAAAAgAAABgAAAA1AAAA</a:base64Binary><a:base64Binary>sDYAAAUAAAD//v9vVgBlAG4AdABpAG8AbgBBAHMAcwBlAG0AYgBsAHkAXwAxADIANwA3ADMAXwB2ADMANgAuAFMAVABFAFAALQAxAEAAVgBlAG4AdABpAG8AbgBBAHMAcwBlAG0AYgBsAHkAXwAxADIANwA3ADMAXwB2ADMANgAvAFMAVAAtAEcAUAAtADAAMAAxAC0AMAAwADAAOQAuAFMAVABFAFAALQA2AEAAVgBlAG4AdABpAG8AbgBBAHMAcwBlAG0AYgBsAHkAXwAxADIANwA3ADMAXwB2ADMANgAuAFMAVABFAFAABAAAABAAAAABAAAAAgAAABgAAAA0AAAA</a:base64Binary><a:base64Binary>sDYAAAUAAAD//v9vVgBlAG4AdABpAG8AbgBBAHMAcwBlAG0AYgBsAHkAXwAxADIANwA3ADMAXwB2ADMANgAuAFMAVABFAFAALQAxAEAAVgBlAG4AdABpAG8AbgBBAHMAcwBlAG0AYgBsAHkAXwAxADIANwA3ADMAXwB2ADMANgAvAFMAVAAtAEcAUAAtADAAMAAxAC0AMAAwADAAOQAuAFMAVABFAFAALQAzAEAAVgBlAG4AdABpAG8AbgBBAHMAcwBlAG0AYgBsAHkAXwAxADIANwA3ADMAXwB2ADMANgAuAFMAVABFAFAABAAAABAAAAABAAAAAgAAABgAAAAxAAAA</a:base64Binary><a:base64Binary>sDYAAAUAAAD//v9wVgBlAG4AdABpAG8AbgBBAHMAcwBlAG0AYgBsAHkAXwAxADIANwA3ADMAXwB2ADMANgAuAFMAVABFAFAALQAxAEAAVgBlAG4AdABpAG8AbgBBAHMAcwBlAG0AYgBsAHkAXwAxADIANwA3ADMAXwB2ADMANgAvAFMAVAAtAEUAWABUAC0AMAAwADEALQAwADQANQAwAC4AUwBUAEUAUAAtADUAQABWAGUAbgB0AGkAbwBuAEEAcwBzAGUAbQBiAGwAeQBfADEAMgA3ADcAMwBfAHYAMwA2AC4AUwBUAEUAUAAEAAAAEAAAAAEAAAACAAAAGAAAAC0AAAA=</a:base64Binary><a:base64Binary>sDYAAAUAAAD//v9wVgBlAG4AdABpAG8AbgBBAHMAcwBlAG0AYgBsAHkAXwAxADIANwA3ADMAXwB2ADMANgAuAFMAVABFAFAALQAxAEAAVgBlAG4AdABpAG8AbgBBAHMAcwBlAG0AYgBsAHkAXwAxADIANwA3ADMAXwB2ADMANgAvAFMAVAAtAEUAWABUAC0AMAAwADEALQAwADQANQAwAC4AUwBUAEUAUAAtADQAQABWAGUAbgB0AGkAbwBuAEEAcwBzAGUAbQBiAGwAeQBfADEAMgA3ADcAMwBfAHYAMwA2AC4AUwBUAEUAUAAEAAAAEAAAAAEAAAACAAAAGAAAACwAAAA=</a:base64Binary><a:base64Binary>sDYAAAUAAAD//v9vVgBlAG4AdABpAG8AbgBBAHMAcwBlAG0AYgBsAHkAXwAxADIANwA3ADMAXwB2ADMANgAuAFMAVABFAFAALQAxAEAAVgBlAG4AdABpAG8AbgBBAHMAcwBlAG0AYgBsAHkAXwAxADIANwA3ADMAXwB2ADMANgAvAFMAVAAtAEcAUAAtADAAMAAxAC0AMAAwADAAOQAuAFMAVABFAFAALQAyAEAAVgBlAG4AdABpAG8AbgBBAHMAcwBlAG0AYgBsAHkAXwAxADIANwA3ADMAXwB2ADMANgAuAFMAVABFAFAABAAAABAAAAABAAAAAgAAABgAAAAwAAAA</a:base64Binary><a:base64Binary>sDYAAAUAAAD//v9vVgBlAG4AdABpAG8AbgBBAHMAcwBlAG0AYgBsAHkAXwAxADIANwA3ADMAXwB2ADMANgAuAFMAVABFAFAALQAxAEAAVgBlAG4AdABpAG8AbgBBAHMAcwBlAG0AYgBsAHkAXwAxADIANwA3ADMAXwB2ADMANgAvAFMAVAAtAEcAUAAtADAAMAAxAC0AMAAwADAAOQAuAFMAVABFAFAALQAxAEAAVgBlAG4AdABpAG8AbgBBAHMAcwBlAG0AYgBsAHkAXwAxADIANwA3ADMAXwB2ADMANgAuAFMAVABFAFAABAAAABAAAAABAAAAAgAAABgAAAAvAAAA</a:base64Binary><a:base64Binary>sDYAAAUAAAD//v9wVgBlAG4AdABpAG8AbgBBAHMAcwBlAG0AYgBsAHkAXwAxADIANwA3ADMAXwB2ADMANgAuAFMAVABFAFAALQAxAEAAVgBlAG4AdABpAG8AbgBBAHMAcwBlAG0AYgBsAHkAXwAxADIANwA3ADMAXwB2ADMANgAvAFMAVAAtAEUAWABUAC0AMAAwADEALQAwADQANQAwAC4AUwBUAEUAUAAtADYAQABWAGUAbgB0AGkAbwBuAEEAcwBzAGUAbQBiAGwAeQBfADEAMgA3ADcAMwBfAHYAMwA2AC4AUwBUAEUAUAAEAAAAEAAAAAEAAAACAAAAGAAAAC4AAAA=</a:base64Binary><a:base64Binary>sDYAAAUAAAD//v9vVgBlAG4AdABpAG8AbgBBAHMAcwBlAG0AYgBsAHkAXwAxADIANwA3ADMAXwB2ADMANgAuAFMAVABFAFAALQAxAEAAVgBlAG4AdABpAG8AbgBBAHMAcwBlAG0AYgBsAHkAXwAxADIANwA3ADMAXwB2ADMANgAvAFMAVAAtAEcAUAAtADAAMAAyAC0AMAAwADAANAAuAFMAVABFAFAALQAxAEAAVgBlAG4AdABpAG8AbgBBAHMAcwBlAG0AYgBsAHkAXwAxADIANwA3ADMAXwB2ADMANgAuAFMAVABFAFAABAAAABAAAAABAAAAAgAAABgAAAAoAAAA</a:base64Binary><a:base64Binary>sDYAAAUAAAD//v9kVgBlAG4AdABpAG8AbgBBAHMAcwBlAG0AYgBsAHkAXwAxADIANwA3ADMAXwB2ADMANgAuAFMAVABFAFAALQAxAEAAVgBlAG4AdABpAG8AbgBBAHMAcwBlAG0AYgBsAHkAXwAxADIANwA3ADMAXwB2ADMANgAvADAALQA5AC4AUwBUAEUAUAAtADEAQABWAGUAbgB0AGkAbwBuAEEAcwBzAGUAbQBiAGwAeQBfADEAMgA3ADcAMwBfAHYAMwA2AC4AUwBUAEUAUAAEAAAAEAAAAAEAAAACAAAAGAAAACAAAAA=</a:base64Binary><a:base64Binary>sDYAAAUAAAD//v9kVgBlAG4AdABpAG8AbgBBAHMAcwBlAG0AYgBsAHkAXwAxADIANwA3ADMAXwB2ADMANgAuAFMAVABFAFAALQAxAEAAVgBlAG4AdABpAG8AbgBBAHMAcwBlAG0AYgBsAHkAXwAxADIANwA3ADMAXwB2ADMANgAvADAALQA2AC4AUwBUAEUAUAAtADEAQABWAGUAbgB0AGkAbwBuAEEAcwBzAGUAbQBiAGwAeQBfADEAMgA3ADcAMwBfAHYAMwA2AC4AUwBUAEUAUAAEAAAAEAAAAAEAAAACAAAAGAAAAB0AAAA=</a:base64Binary><a:base64Binary>sDYAAAUAAAD//v9kVgBlAG4AdABpAG8AbgBBAHMAcwBlAG0AYgBsAHkAXwAxADIANwA3ADMAXwB2ADMANgAuAFMAVABFAFAALQAxAEAAVgBlAG4AdABpAG8AbgBBAHMAcwBlAG0AYgBsAHkAXwAxADIANwA3ADMAXwB2ADMANgAvADAALQA0AC4AUwBUAEUAUAAtADEAQABWAGUAbgB0AGkAbwBuAEEAcwBzAGUAbQBiAGwAeQBfADEAMgA3ADcAMwBfAHYAMwA2AC4AUwBUAEUAUAAEAAAAEAAAAAEAAAACAAAAGAAAABsAAAA=</a:base64Binary><a:base64Binary>sDYAAAUAAAD//v9kVgBlAG4AdABpAG8AbgBBAHMAcwBlAG0AYgBsAHkAXwAxADIANwA3ADMAXwB2ADMANgAuAFMAVABFAFAALQAxAEAAVgBlAG4AdABpAG8AbgBBAHMAcwBlAG0AYgBsAHkAXwAxADIANwA3ADMAXwB2ADMANgAvADAALQA1AC4AUwBUAEUAUAAtADEAQABWAGUAbgB0AGkAbwBuAEEAcwBzAGUAbQBiAGwAeQBfADEAMgA3ADcAMwBfAHYAMwA2AC4AUwBUAEUAUAAEAAAAEAAAAAEAAAACAAAAGAAAABwAAAA=</a:base64Binary><a:base64Binary>sDYAAAUAAAD//v9wVgBlAG4AdABpAG8AbgBBAHMAcwBlAG0AYgBsAHkAXwAxADIANwA3ADMAXwB2ADMANgAuAFMAVABFAFAALQAxAEAAVgBlAG4AdABpAG8AbgBBAHMAcwBlAG0AYgBsAHkAXwAxADIANwA3ADMAXwB2ADMANgAvAFMAVAAtAEUAWABUAC0AMAAwADEALQAwADQANQAwAC4AUwBUAEUAUAAtADIAQABWAGUAbgB0AGkAbwBuAEEAcwBzAGUAbQBiAGwAeQBfADEAMgA3ADcAMwBfAHYAMwA2AC4AUwBUAEUAUAAEAAAAEAAAAAEAAAACAAAAGAAAACQAAAA=</a:base64Binary><a:base64Binary>sDYAAAUAAAD//v9kVgBlAG4AdABpAG8AbgBBAHMAcwBlAG0AYgBsAHkAXwAxADIANwA3ADMAXwB2ADMANgAuAFMAVABFAFAALQAxAEAAVgBlAG4AdABpAG8AbgBBAHMAcwBlAG0AYgBsAHkAXwAxADIANwA3ADMAXwB2ADMANgAvADAALQA4AC4AUwBUAEUAUAAtADEAQABWAGUAbgB0AGkAbwBuAEEAcwBzAGUAbQBiAGwAeQBfADEAMgA3ADcAMwBfAHYAMwA2AC4AUwBUAEUAUAAEAAAAEAAAAAEAAAACAAAAGAAAAB8AAAA=</a:base64Binary><a:base64Binary>sDYAAAUAAAD//v9kVgBlAG4AdABpAG8AbgBBAHMAcwBlAG0AYgBsAHkAXwAxADIANwA3ADMAXwB2ADMANgAuAFMAVABFAFAALQAxAEAAVgBlAG4AdABpAG8AbgBBAHMAcwBlAG0AYgBsAHkAXwAxADIANwA3ADMAXwB2ADMANgAvADAALQA3AC4AUwBUAEUAUAAtADEAQABWAGUAbgB0AGkAbwBuAEEAcwBzAGUAbQBiAGwAeQBfADEAMgA3ADcAMwBfAHYAMwA2AC4AUwBUAEUAUAAEAAAAEAAAAAEAAAACAAAAGAAAAB4AAAA=</a:base64Binary><a:base64Binary>sDYAAAUAAAD//v9wVgBlAG4AdABpAG8AbgBBAHMAcwBlAG0AYgBsAHkAXwAxADIANwA3ADMAXwB2ADMANgAuAFMAVABFAFAALQAxAEAAVgBlAG4AdABpAG8AbgBBAHMAcwBlAG0AYgBsAHkAXwAxADIANwA3ADMAXwB2ADMANgAvAFMAVAAtAEUAWABUAC0AMAAwADEALQAwADYANwA1AC4AUwBUAEUAUAAtADIAQABWAGUAbgB0AGkAbwBuAEEAcwBzAGUAbQBiAGwAeQBfADEAMgA3ADcAMwBfAHYAMwA2AC4AUwBUAEUAUAAEAAAAEAAAAAEAAAACAAAAGAAAACMAAAA=</a:base64Binary><a:base64Binary>sDYAAAUAAAD//v9wVgBlAG4AdABpAG8AbgBBAHMAcwBlAG0AYgBsAHkAXwAxADIANwA3ADMAXwB2ADMANgAuAFMAVABFAFAALQAxAEAAVgBlAG4AdABpAG8AbgBBAHMAcwBlAG0AYgBsAHkAXwAxADIANwA3ADMAXwB2ADMANgAvAFMAVAAtAEUAWABUAC0AMAAwADEALQAwADYANwA1AC4AUwBUAEUAUAAtADEAQABWAGUAbgB0AGkAbwBuAEEAcwBzAGUAbQBiAGwAeQBfADEAMgA3ADcAMwBfAHYAMwA2AC4AUwBUAEUAUAAEAAAAEAAAAAEAAAACAAAAGAAAACIAAAA=</a:base64Binary><a:base64Binary>sDYAAAUAAAD//v+xVgBlAG4AdABpAG8AbgBBAHMAcwBlAG0AYgBsAHkAXwAxADIANwA3ADMAXwB2ADMANgAuAFMAVABFAFAALQAxAEAAVgBlAG4AdABpAG8AbgBBAHMAcwBlAG0AYgBsAHkAXwAxADIANwA3ADMAXwB2ADMANgAvADAALQAyAC4AUwBUAEUAUAAtADEAQABWAGUAbgB0AGkAbwBuAEEAcwBzAGUAbQBiAGwAeQBfADEAMgA3ADcAMwBfAHYAMwA2AC4AUwBUAEUAUAAvADAALQAzAC4AUwBUAEUAUAAtADEAQAAwAC0AMgAuAFMAVABFAFAALwBpAG0AcABvAHIAdABlAGQALQBVAFIAXwBDAE8ATgBUAFIATwBMAEwARQBSAF8ARQBTAEUAUgBJAEUAUwBfADQAMwAzADAAOAAtADAALQAwAC4AUwBUAEUAUAAtADEAQAAwAC0AMwAuAFMAVABFAFAABAAAABAAAAABAAAABAAAABgAAAAaAAAAGAAAABgAAAA=</a:base64Binary><a:base64Binary>sDYAAAUAAAD//v+xVgBlAG4AdABpAG8AbgBBAHMAcwBlAG0AYgBsAHkAXwAxADIANwA3ADMAXwB2ADMANgAuAFMAVABFAFAALQAxAEAAVgBlAG4AdABpAG8AbgBBAHMAcwBlAG0AYgBsAHkAXwAxADIANwA3ADMAXwB2ADMANgAvADAALQAyAC4AUwBUAEUAUAAtADEAQABWAGUAbgB0AGkAbwBuAEEAcwBzAGUAbQBiAGwAeQBfADEAMgA3ADcAMwBfAHYAMwA2AC4AUwBUAEUAUAAvADAALQAzAC4AUwBUAEUAUAAtADEAQAAwAC0AMgAuAFMAVABFAFAALwBpAG0AcABvAHIAdABlAGQALQBVAFIAXwBDAE8ATgBUAFIATwBMAEwARQBSAF8ARQBTAEUAUgBJAEUAUwBfADQAMwAzADAAOAAtADAALQAxAC4AUwBUAEUAUAAtADEAQAAwAC0AMwAuAFMAVABFAFAABAAAABAAAAABAAAABAAAABgAAAAaAAAAGAAAABkAAAA=</a:base64Binary><a:base64Binary>sDYAAAUAAAD//v9kVgBlAG4AdABpAG8AbgBBAHMAcwBlAG0AYgBsAHkAXwAxADIANwA3ADMAXwB2ADMANgAuAFMAVABFAFAALQAxAEAAVgBlAG4AdABpAG8AbgBBAHMAcwBlAG0AYgBsAHkAXwAxADIANwA3ADMAXwB2ADMANgAvADAALQAxAC4AUwBUAEUAUAAtADEAQABWAGUAbgB0AGkAbwBuAEEAcwBzAGUAbQBiAGwAeQBfADEAMgA3ADcAMwBfAHYAMwA2AC4AUwBUAEUAUAAEAAAAEAAAAAEAAAACAAAAGAAAABkAAAA=</a:base64Binary><a:base64Binary>sDYAAAUAAAD//v9vVgBlAG4AdABpAG8AbgBBAHMAcwBlAG0AYgBsAHkAXwAxADIANwA3ADMAXwB2ADMANgAuAFMAVABFAFAALQAxAEAAVgBlAG4AdABpAG8AbgBBAHMAcwBlAG0AYgBsAHkAXwAxADIANwA3ADMAXwB2ADMANgAvAFMAVAAtAEcAUAAtADAAMAAxAC0AMAAwADAAOQAuAFMAVABFAFAALQA4AEAAVgBlAG4AdABpAG8AbgBBAHMAcwBlAG0AYgBsAHkAXwAxADIANwA3ADMAXwB2ADMANgAuAFMAVABFAFAABAAAABAAAAABAAAAAgAAABgAAAA2AAAA</a:base64Binary><a:base64Binary>sDYAAAUAAAD//v9vVgBlAG4AdABpAG8AbgBBAHMAcwBlAG0AYgBsAHkAXwAxADIANwA3ADMAXwB2ADMANgAuAFMAVABFAFAALQAxAEAAVgBlAG4AdABpAG8AbgBBAHMAcwBlAG0AYgBsAHkAXwAxADIANwA3ADMAXwB2ADMANgAvAFMAVAAtAEcAUAAtADAAMAAxAC0AMAAwADAAOQAuAFMAVABFAFAALQA1AEAAVgBlAG4AdABpAG8AbgBBAHMAcwBlAG0AYgBsAHkAXwAxADIANwA3ADMAXwB2ADMANgAuAFMAVABFAFAABAAAABAAAAABAAAAAgAAABgAAAAzAAAA</a:base64Binary><a:base64Binary>sDYAAAUAAAD//v9vVgBlAG4AdABpAG8AbgBBAHMAcwBlAG0AYgBsAHkAXwAxADIANwA3ADMAXwB2ADMANgAuAFMAVABFAFAALQAxAEAAVgBlAG4AdABpAG8AbgBBAHMAcwBlAG0AYgBsAHkAXwAxADIANwA3ADMAXwB2ADMANgAvAFMAVAAtAEcAUAAtADAAMAAxAC0AMAAwADAAOQAuAFMAVABFAFAALQA0AEAAVgBlAG4AdABpAG8AbgBBAHMAcwBlAG0AYgBsAHkAXwAxADIANwA3ADMAXwB2ADMANgAuAFMAVABFAFAABAAAABAAAAABAAAAAgAAABgAAAAyAAAA</a:base64Binary><a:base64Binary>sDYAAAUAAAD//v9wVgBlAG4AdABpAG8AbgBBAHMAcwBlAG0AYgBsAHkAXwAxADIANwA3ADMAXwB2ADMANgAuAFMAVABFAFAALQAxAEAAVgBlAG4AdABpAG8AbgBBAHMAcwBlAG0AYgBsAHkAXwAxADIANwA3ADMAXwB2ADMANgAvAFMAVAAtAEUAWABUAC0AMAAwADIALQAwADAANAA1AC4AUwBUAEUAUAAtADEAQABWAGUAbgB0AGkAbwBuAEEAcwBzAGUAbQBiAGwAeQBfADEAMgA3ADcAMwBfAHYAMwA2AC4AUwBUAEUAUAAEAAAAEAAAAAEAAAACAAAAGAAAACkAAAA=</a:base64Binary><a:base64Binary>sDYAAAUAAAD//v9wVgBlAG4AdABpAG8AbgBBAHMAcwBlAG0AYgBsAHkAXwAxADIANwA3ADMAXwB2ADMANgAuAFMAVABFAFAALQAxAEAAVgBlAG4AdABpAG8AbgBBAHMAcwBlAG0AYgBsAHkAXwAxADIANwA3ADMAXwB2ADMANgAvAFMAVAAtAEUAWABUAC0AMAAwADEALQAwADMANgAwAC4AUwBUAEUAUAAtADEAQABWAGUAbgB0AGkAbwBuAEEAcwBzAGUAbQBiAGwAeQBfADEAMgA3ADcAMwBfAHYAMwA2AC4AUwBUAEUAUAAEAAAAEAAAAAEAAAACAAAAGAAAACUAAAA=</a:base64Binary><a:base64Binary>sDYAAAUAAAD//v9wVgBlAG4AdABpAG8AbgBBAHMAcwBlAG0AYgBsAHkAXwAxADIANwA3ADMAXwB2ADMANgAuAFMAVABFAFAALQAxAEAAVgBlAG4AdABpAG8AbgBBAHMAcwBlAG0AYgBsAHkAXwAxADIANwA3ADMAXwB2ADMANgAvAFMAVAAtAEUAWABUAC0AMAAwADEALQAwADQANQAwAC4AUwBUAEUAUAAtADEAQABWAGUAbgB0AGkAbwBuAEEAcwBzAGUAbQBiAGwAeQBfADEAMgA3ADcAMwBfAHYAMwA2AC4AUwBUAEUAUAAEAAAAEAAAAAEAAAACAAAAGAAAACEAAAA=</a:base64Binary><a:base64Binary>sDYAAAUAAAD//v9yVgBlAG4AdABpAG8AbgBBAHMAcwBlAG0AYgBsAHkAXwAxADIANwA3ADMAXwB2ADMANgAuAFMAVABFAFAALQAxAEAAVgBlAG4AdABpAG8AbgBBAHMAcwBlAG0AYgBsAHkAXwAxADIANwA3ADMAXwB2ADMANgAvAEgAVwAtAEUAQwAtADAAMAAyAC0AMAAwADAAMQBfAF8AMgAuAFMAVABFAFAALQAxAEAAVgBlAG4AdABpAG8AbgBBAHMAcwBlAG0AYgBsAHkAXwAxADIANwA3ADMAXwB2ADMANgAuAFMAVABFAFAABAAAABAAAAABAAAAAgAAABgAAAAqAAAA</a:base64Binary><a:base64Binary>sDYAAAUAAAD//v9iVgBlAG4AdABpAG8AbgBBAHMAcwBlAG0AYgBsAHkAXwAxADIANwA3ADMAXwB2ADMANgAuAFMAVABFAFAALQAxAEAAVgBlAG4AdABpAG8AbgBBAHMAcwBlAG0AYgBsAHkAXwAxADIANwA3ADMAXwB2ADMANgAvADAALgBTAFQARQBQAC0AMQBAAFYAZQBuAHQAaQBvAG4AQQBzAHMAZQBtAGIAbAB5AF8AMQAyADcANwAzAF8AdgAzADYALgBTAFQARQBQAAQAAAAQAAAAAQAAAAIAAAAYAAAAGAAAAA==</a:base64Binary><a:base64Binary>sDYAAAUAAAD//v9wVgBlAG4AdABpAG8AbgBBAHMAcwBlAG0AYgBsAHkAXwAxADIANwA3ADMAXwB2ADMANgAuAFMAVABFAFAALQAxAEAAVgBlAG4AdABpAG8AbgBBAHMAcwBlAG0AYgBsAHkAXwAxADIANwA3ADMAXwB2ADMANgAvAFMAVAAtAEUAWABUAC0AMAAwADEALQAwADQANQAwAC4AUwBUAEUAUAAtADMAQABWAGUAbgB0AGkAbwBuAEEAcwBzAGUAbQBiAGwAeQBfADEAMgA3ADcAMwBfAHYAMwA2AC4AUwBUAEUAUAAEAAAAEAAAAAEAAAACAAAAGAAAACsAAAA=</a:base64Binary></SWComponentPIDs><SWMainComponentPID i:nil="true"/><Visual z:Ref="i16"/><isFixedFrame>false</isFixedFrame><isIncomplete>false</isIncomplete></Link>
2021-09-22 03:11:20,072 INFO  AssemblyExportForm.cs: 309 - Saving URDF package to E:\vention_frame
2021-09-22 03:11:20,074 INFO  ExportHelper.cs: 147 - Beginning the export process
2021-09-22 03:11:20,077 INFO  ExportHelper.cs: 153 - Creating package directories with name vention_frame and save path E:\
2021-09-22 03:11:21,620 INFO  ExportHelper.cs: 162 - Creating CMakeLists.txt at E:\vention_frame\CMakeLists.txt
2021-09-22 03:11:21,635 INFO  ExportHelper.cs: 166 - Creating joint names config at E:\vention_frame\config\joint_names_vention_frame.yaml
2021-09-22 03:11:21,650 INFO  ExportHelper.cs: 170 - Creating package.xml at E:\vention_frame\package.xml
2021-09-22 03:11:21,651 INFO  PackageXMLWriter.cs: 21 - Creating package.xml at E:\vention_frame\package.xml
2021-09-22 03:11:21,668 INFO  ExportHelper.cs: 177 - Creating RVIZ launch file in E:\vention_frame\launch\
2021-09-22 03:11:21,682 INFO  ExportHelper.cs: 182 - Creating Gazebo launch file in E:\vention_frame\launch\
2021-09-22 03:11:21,697 INFO  ExportHelper.cs: 187 - Saving existing STL preferences
2021-09-22 03:11:21,698 INFO  ExportHelper.cs: 450 - Saving users preferences
2021-09-22 03:11:21,699 INFO  ExportHelper.cs: 190 - Modifying STL preferences
2021-09-22 03:11:21,700 INFO  ExportHelper.cs: 464 - Setting STL preferences
2021-09-22 03:11:21,706 INFO  ExportHelper.cs: 196 - Found 0 hidden components 
2021-09-22 03:11:21,706 INFO  ExportHelper.cs: 197 - Hiding all components
2021-09-22 03:11:22,259 INFO  ExportHelper.cs: 204 - Beginning individual files export
2021-09-22 03:11:22,262 INFO  ExportHelper.cs: 270 - Exporting link: vention_frame_link
2021-09-22 03:11:22,263 INFO  ExportHelper.cs: 272 - Link vention_frame_link has 1 children
2021-09-22 03:11:22,265 INFO  ExportHelper.cs: 270 - Exporting link: ur5e_mounting_link
2021-09-22 03:11:22,265 INFO  ExportHelper.cs: 272 - Link ur5e_mounting_link has 0 children
2021-09-22 03:11:22,266 INFO  ExportHelper.cs: 317 - ur5e_mounting_link: Exporting STL with coordinate frame Coordinate System1
2021-09-22 03:11:22,266 INFO  ExportHelper.cs: 322 - ur5e_mounting_link: Reference geometry name 
2021-09-22 03:11:22,475 INFO  ExportHelper.cs: 330 - Saving STL to E:\vention_frame\meshes\ur5e_mounting_link.STL
2021-09-22 03:11:22,674 INFO  ExportHelper.cs: 405 - Removing SW header in STL file
2021-09-22 03:11:22,680 INFO  ExportHelper.cs: 317 - vention_frame_link: Exporting STL with coordinate frame Coordinate System2
2021-09-22 03:11:22,681 INFO  ExportHelper.cs: 322 - vention_frame_link: Reference geometry name 
2021-09-22 03:11:23,248 INFO  ExportHelper.cs: 330 - Saving STL to E:\vention_frame\meshes\vention_frame_link.STL
2021-09-22 03:11:33,328 INFO  ExportHelper.cs: 405 - Removing SW header in STL file
2021-09-22 03:11:33,335 INFO  ExportHelper.cs: 145 - Showing all components except previously hidden components
2021-09-22 03:11:34,591 INFO  ExportHelper.cs: 145 - Resetting STL preferences
2021-09-22 03:11:34,592 INFO  ExportHelper.cs: 478 - Returning STL preferences to user preferences
2021-09-22 03:11:34,593 INFO  ExportHelper.cs: 228 - Writing URDF file to E:\vention_frame\urdf\vention_frame.urdf
2021-09-22 03:11:34,616 INFO  CSVImportExport.cs: 32 - Writing CSV file E:\vention_frame\urdf\vention_frame.csv
2021-09-22 03:11:34,644 ERROR CSVImportExport.cs: 130 - The following columns were not written to the CSV: Link.Joint.ChildLink.link,
2021-09-22 03:11:34,645 ERROR CSVImportExport.cs: 130 - The following columns were not written to the CSV: Link.Joint.ChildLink.link,
2021-09-22 03:11:34,661 INFO  ExportHelper.cs: 234 - Copying log file
2021-09-22 03:11:34,664 INFO  ExportHelper.cs: 439 - Copying C:\Users\jniu0\sw2urdf_logs\sw2urdf.log to E:\vention_frame\export.log
